2025-09-18 14:01:50,311 - INFO - 脚本启动
2025-09-18 14:01:50,311 - INFO - 正在解析 analysis_report.md 获取推荐基金代码...
2025-09-18 14:01:50,314 - INFO - 提取到 214 个基金（测试限制前1000个）: ['001407', '001724', '002052', '002112', '002163', '002170', '002580', '002771', '005118', '005312', '005551', '005959', '005963', '006503', '006523', '006888', '007114', '007356', '007509', '007771', '007818', '008021', '008087', '008327', '008586', '008843', '008989', '009009', '009063', '009239', '009492', '009645', '009708', '009856', '010034', '010052', '010238', '010392', '010416', '010422', '010524', '010531', '010647', '011020', '011036', '011120', '011145', '011197', '011223', '011270', '011306', '011370', '011372', '011412', '011452', '011487', '011833', '011840', '011892', '012083', '012224', '012322', '012457', '012478', '012536', '012617', '012651', '012697', '012734', '012800', '013153', '013239', '013370', '013722', '014037', '014130', '014143', '014243', '014262', '014318', '014320', '014332', '014417', '014419', '014544', '014581', '014601', '014642', '014728', '014916', '014939', '015044', '015097', '015144', '015152', '015271', '015290', '015369', '015389', '015456', '015576', '015608', '015642', '015683', '015686', '015690', '015692', '015715', '015751', '015849', '015857', '015881', '015916', '015968', '016068', '016076', '016234', '016244', '016251', '016371', '016373', '016461', '016463', '016531', '016919', '016971', '017076', '017103', '017290', '017366', '017461', '017470', '017484', '017489', '017491', '017511', '017513', '017516', '017518', '017520', '017522', '017524', '017526', '017528', '017560', '017612', '017745', '017747', '017836', '017854', '017968', '018082', '018113', '018115', '018121', '018123', '018125', '018129', '018216', '018227', '018241', '018288', '018326', '018359', '018495', '018731', '018836', '018933', '018957', '018986', '018994', '019018', '019024', '019053', '019170', '019190', '019213', '019331', '019348', '019416', '019458', '019514', '019671', '019703', '019786', '019830', '019865', '019924', '019994', '020227', '020398', '020477', '020592', '020629', '020635', '020662', '020671', '020692', '020829', '020900', '021031', '021091', '021173', '021225', '021299', '021475', '021490', '021500', '021523', '021528', '021608', '021934', '167507', '519771']
2025-09-18 14:01:50,314 - INFO - 开始预加载本地缓存数据...
2025-09-18 14:01:50,315 - INFO - 当前时间: 2025-09-18 14:01:50, 期望最新数据日期: 2025-09-17
2025-09-18 14:01:50,320 - INFO - 本地已存在基金 001407 数据，共 2510 行，最新日期为: 2025-09-17
2025-09-18 14:01:50,320 - INFO - 基金 001407 的本地数据已是最新 (2025-09-17, 期望: 2025-09-17) 且数据量足够 (2510 行)，直接加载。
2025-09-18 14:01:50,328 - INFO - 本地已存在基金 001724 数据，共 2478 行，最新日期为: 2025-09-17
2025-09-18 14:01:50,329 - INFO - 基金 001724 的本地数据已是最新 (2025-09-17, 期望: 2025-09-17) 且数据量足够 (2478 行)，直接加载。
2025-09-18 14:01:50,336 - INFO - 本地已存在基金 002052 数据，共 2401 行，最新日期为: 2025-09-17
2025-09-18 14:01:50,336 - INFO - 基金 002052 的本地数据已是最新 (2025-09-17, 期望: 2025-09-17) 且数据量足够 (2401 行)，直接加载。
2025-09-18 14:01:50,343 - INFO - 本地已存在基金 002112 数据，共 2403 行，最新日期为: 2025-09-17
2025-09-18 14:01:50,343 - INFO - 基金 002112 的本地数据已是最新 (2025-09-17, 期望: 2025-09-17) 且数据量足够 (2403 行)，直接加载。
2025-09-18 14:01:50,350 - INFO - 本地已存在基金 002163 数据，共 2398 行，最新日期为: 2025-09-17
2025-09-18 14:01:50,350 - INFO - 基金 002163 的本地数据已是最新 (2025-09-17, 期望: 2025-09-17) 且数据量足够 (2398 行)，直接加载。
2025-09-18 14:01:50,358 - INFO - 本地已存在基金 002170 数据，共 2395 行，最新日期为: 2025-09-17
2025-09-18 14:01:50,358 - INFO - 基金 002170 的本地数据已是最新 (2025-09-17, 期望: 2025-09-17) 且数据量足够 (2395 行)，直接加载。
2025-09-18 14:01:50,365 - INFO - 本地已存在基金 002580 数据，共 2288 行，最新日期为: 2025-09-17
2025-09-18 14:01:50,365 - INFO - 基金 002580 的本地数据已是最新 (2025-09-17, 期望: 2025-09-17) 且数据量足够 (2288 行)，直接加载。
2025-09-18 14:01:50,372 - INFO - 本地已存在基金 002771 数据，共 2266 行，最新日期为: 2025-09-17
2025-09-18 14:01:50,372 - INFO - 基金 002771 的本地数据已是最新 (2025-09-17, 期望: 2025-09-17) 且数据量足够 (2266 行)，直接加载。
2025-09-18 14:01:50,379 - INFO - 本地已存在基金 005118 数据，共 1958 行，最新日期为: 2025-09-17
2025-09-18 14:01:50,379 - INFO - 基金 005118 的本地数据已是最新 (2025-09-17, 期望: 2025-09-17) 且数据量足够 (1958 行)，直接加载。
2025-09-18 14:01:50,386 - INFO - 本地已存在基金 005312 数据，共 1842 行，最新日期为: 2025-09-17
2025-09-18 14:01:50,386 - INFO - 基金 005312 的本地数据已是最新 (2025-09-17, 期望: 2025-09-17) 且数据量足够 (1842 行)，直接加载。
2025-09-18 14:01:50,393 - INFO - 本地已存在基金 005551 数据，共 1838 行，最新日期为: 2025-09-17
2025-09-18 14:01:50,393 - INFO - 基金 005551 的本地数据已是最新 (2025-09-17, 期望: 2025-09-17) 且数据量足够 (1838 行)，直接加载。
2025-09-18 14:01:50,400 - INFO - 本地已存在基金 005959 数据，共 1743 行，最新日期为: 2025-09-17
2025-09-18 14:01:50,400 - INFO - 基金 005959 的本地数据已是最新 (2025-09-17, 期望: 2025-09-17) 且数据量足够 (1743 行)，直接加载。
2025-09-18 14:01:50,407 - INFO - 本地已存在基金 005963 数据，共 1711 行，最新日期为: 2025-09-17
2025-09-18 14:01:50,407 - INFO - 基金 005963 的本地数据已是最新 (2025-09-17, 期望: 2025-09-17) 且数据量足够 (1711 行)，直接加载。
2025-09-18 14:01:50,414 - INFO - 本地已存在基金 006503 数据，共 1613 行，最新日期为: 2025-09-17
2025-09-18 14:01:50,414 - INFO - 基金 006503 的本地数据已是最新 (2025-09-17, 期望: 2025-09-17) 且数据量足够 (1613 行)，直接加载。
2025-09-18 14:01:50,421 - INFO - 本地已存在基金 006523 数据，共 1576 行，最新日期为: 2025-09-17
2025-09-18 14:01:50,421 - INFO - 基金 006523 的本地数据已是最新 (2025-09-17, 期望: 2025-09-17) 且数据量足够 (1576 行)，直接加载。
2025-09-18 14:01:50,427 - INFO - 本地已存在基金 006888 数据，共 1563 行，最新日期为: 2025-09-17
2025-09-18 14:01:50,428 - INFO - 基金 006888 的本地数据已是最新 (2025-09-17, 期望: 2025-09-17) 且数据量足够 (1563 行)，直接加载。
2025-09-18 14:01:50,434 - INFO - 本地已存在基金 007114 数据，共 1387 行，最新日期为: 2025-09-17
2025-09-18 14:01:50,435 - INFO - 基金 007114 的本地数据已是最新 (2025-09-17, 期望: 2025-09-17) 且数据量足够 (1387 行)，直接加载。
2025-09-18 14:01:50,441 - INFO - 本地已存在基金 007356 数据，共 1508 行，最新日期为: 2025-09-17
2025-09-18 14:01:50,441 - INFO - 基金 007356 的本地数据已是最新 (2025-09-17, 期望: 2025-09-17) 且数据量足够 (1508 行)，直接加载。
2025-09-18 14:01:50,448 - INFO - 本地已存在基金 007509 数据，共 1524 行，最新日期为: 2025-09-17
2025-09-18 14:01:50,448 - INFO - 基金 007509 的本地数据已是最新 (2025-09-17, 期望: 2025-09-17) 且数据量足够 (1524 行)，直接加载。
2025-09-18 14:01:50,455 - INFO - 本地已存在基金 007771 数据，共 1458 行，最新日期为: 2025-09-17
2025-09-18 14:01:50,455 - INFO - 基金 007771 的本地数据已是最新 (2025-09-17, 期望: 2025-09-17) 且数据量足够 (1458 行)，直接加载。
2025-09-18 14:01:50,462 - INFO - 本地已存在基金 007818 数据，共 1468 行，最新日期为: 2025-09-17
2025-09-18 14:01:50,462 - INFO - 基金 007818 的本地数据已是最新 (2025-09-17, 期望: 2025-09-17) 且数据量足够 (1468 行)，直接加载。
2025-09-18 14:01:50,468 - INFO - 本地已存在基金 008021 数据，共 1316 行，最新日期为: 2025-09-17
2025-09-18 14:01:50,469 - INFO - 基金 008021 的本地数据已是最新 (2025-09-17, 期望: 2025-09-17) 且数据量足够 (1316 行)，直接加载。
2025-09-18 14:01:50,475 - INFO - 本地已存在基金 008087 数据，共 1378 行，最新日期为: 2025-09-17
2025-09-18 14:01:50,476 - INFO - 基金 008087 的本地数据已是最新 (2025-09-17, 期望: 2025-09-17) 且数据量足够 (1378 行)，直接加载。
2025-09-18 14:01:50,482 - INFO - 本地已存在基金 008327 数据，共 1375 行，最新日期为: 2025-09-17
2025-09-18 14:01:50,482 - INFO - 基金 008327 的本地数据已是最新 (2025-09-17, 期望: 2025-09-17) 且数据量足够 (1375 行)，直接加载。
2025-09-18 14:01:50,489 - INFO - 本地已存在基金 008586 数据，共 1270 行，最新日期为: 2025-09-17
2025-09-18 14:01:50,489 - INFO - 基金 008586 的本地数据已是最新 (2025-09-17, 期望: 2025-09-17) 且数据量足够 (1270 行)，直接加载。
2025-09-18 14:01:50,496 - INFO - 本地已存在基金 008843 数据，共 1194 行，最新日期为: 2025-09-17
2025-09-18 14:01:50,496 - INFO - 基金 008843 的本地数据已是最新 (2025-09-17, 期望: 2025-09-17) 且数据量足够 (1194 行)，直接加载。
2025-09-18 14:01:50,502 - INFO - 本地已存在基金 008989 数据，共 1302 行，最新日期为: 2025-09-17
2025-09-18 14:01:50,502 - INFO - 基金 008989 的本地数据已是最新 (2025-09-17, 期望: 2025-09-17) 且数据量足够 (1302 行)，直接加载。
2025-09-18 14:01:50,509 - INFO - 本地已存在基金 009009 数据，共 1302 行，最新日期为: 2025-09-17
2025-09-18 14:01:50,509 - INFO - 基金 009009 的本地数据已是最新 (2025-09-17, 期望: 2025-09-17) 且数据量足够 (1302 行)，直接加载。
2025-09-18 14:01:50,516 - INFO - 本地已存在基金 009063 数据，共 1286 行，最新日期为: 2025-09-17
2025-09-18 14:01:50,516 - INFO - 基金 009063 的本地数据已是最新 (2025-09-17, 期望: 2025-09-17) 且数据量足够 (1286 行)，直接加载。
2025-09-18 14:01:50,522 - INFO - 本地已存在基金 009239 数据，共 1331 行，最新日期为: 2025-09-17
2025-09-18 14:01:50,523 - INFO - 基金 009239 的本地数据已是最新 (2025-09-17, 期望: 2025-09-17) 且数据量足够 (1331 行)，直接加载。
2025-09-18 14:01:50,529 - INFO - 本地已存在基金 009492 数据，共 1218 行，最新日期为: 2025-09-17
2025-09-18 14:01:50,530 - INFO - 基金 009492 的本地数据已是最新 (2025-09-17, 期望: 2025-09-17) 且数据量足够 (1218 行)，直接加载。
2025-09-18 14:01:50,536 - INFO - 本地已存在基金 009645 数据，共 1227 行，最新日期为: 2025-09-17
2025-09-18 14:01:50,536 - INFO - 基金 009645 的本地数据已是最新 (2025-09-17, 期望: 2025-09-17) 且数据量足够 (1227 行)，直接加载。
2025-09-18 14:01:50,543 - INFO - 本地已存在基金 009708 数据，共 1220 行，最新日期为: 2025-09-17
2025-09-18 14:01:50,543 - INFO - 基金 009708 的本地数据已是最新 (2025-09-17, 期望: 2025-09-17) 且数据量足够 (1220 行)，直接加载。
2025-09-18 14:01:50,549 - INFO - 本地已存在基金 009856 数据，共 1206 行，最新日期为: 2025-09-17
2025-09-18 14:01:50,550 - INFO - 基金 009856 的本地数据已是最新 (2025-09-17, 期望: 2025-09-17) 且数据量足够 (1206 行)，直接加载。
2025-09-18 14:01:50,556 - INFO - 本地已存在基金 010034 数据，共 1164 行，最新日期为: 2025-09-17
2025-09-18 14:01:50,556 - INFO - 基金 010034 的本地数据已是最新 (2025-09-17, 期望: 2025-09-17) 且数据量足够 (1164 行)，直接加载。
2025-09-18 14:01:50,563 - INFO - 本地已存在基金 010052 数据，共 1023 行，最新日期为: 2025-09-17
2025-09-18 14:01:50,563 - INFO - 基金 010052 的本地数据已是最新 (2025-09-17, 期望: 2025-09-17) 且数据量足够 (1023 行)，直接加载。
2025-09-18 14:01:50,569 - INFO - 本地已存在基金 010238 数据，共 1141 行，最新日期为: 2025-09-17
2025-09-18 14:01:50,570 - INFO - 基金 010238 的本地数据已是最新 (2025-09-17, 期望: 2025-09-17) 且数据量足够 (1141 行)，直接加载。
2025-09-18 14:01:50,576 - INFO - 本地已存在基金 010392 数据，共 1106 行，最新日期为: 2025-09-17
2025-09-18 14:01:50,576 - INFO - 基金 010392 的本地数据已是最新 (2025-09-17, 期望: 2025-09-17) 且数据量足够 (1106 行)，直接加载。
2025-09-18 14:01:50,583 - INFO - 本地已存在基金 010416 数据，共 1044 行，最新日期为: 2025-09-17
2025-09-18 14:01:50,583 - INFO - 基金 010416 的本地数据已是最新 (2025-09-17, 期望: 2025-09-17) 且数据量足够 (1044 行)，直接加载。
2025-09-18 14:01:50,589 - INFO - 本地已存在基金 010422 数据，共 1036 行，最新日期为: 2025-09-17
2025-09-18 14:01:50,589 - INFO - 基金 010422 的本地数据已是最新 (2025-09-17, 期望: 2025-09-17) 且数据量足够 (1036 行)，直接加载。
2025-09-18 14:01:50,596 - INFO - 本地已存在基金 010524 数据，共 1146 行，最新日期为: 2025-09-17
2025-09-18 14:01:50,596 - INFO - 基金 010524 的本地数据已是最新 (2025-09-17, 期望: 2025-09-17) 且数据量足够 (1146 行)，直接加载。
2025-09-18 14:01:50,603 - INFO - 本地已存在基金 010531 数据，共 1183 行，最新日期为: 2025-09-17
2025-09-18 14:01:50,603 - INFO - 基金 010531 的本地数据已是最新 (2025-09-17, 期望: 2025-09-17) 且数据量足够 (1183 行)，直接加载。
2025-09-18 14:01:50,609 - INFO - 本地已存在基金 010647 数据，共 1058 行，最新日期为: 2025-09-17
2025-09-18 14:01:50,609 - INFO - 基金 010647 的本地数据已是最新 (2025-09-17, 期望: 2025-09-17) 且数据量足够 (1058 行)，直接加载。
2025-09-18 14:01:50,616 - INFO - 本地已存在基金 011020 数据，共 1155 行，最新日期为: 2025-09-17
2025-09-18 14:01:50,616 - INFO - 基金 011020 的本地数据已是最新 (2025-09-17, 期望: 2025-09-17) 且数据量足够 (1155 行)，直接加载。
2025-09-18 14:01:50,622 - INFO - 本地已存在基金 011036 数据，共 1003 行，最新日期为: 2025-09-17
2025-09-18 14:01:50,622 - INFO - 基金 011036 的本地数据已是最新 (2025-09-17, 期望: 2025-09-17) 且数据量足够 (1003 行)，直接加载。
2025-09-18 14:01:50,629 - INFO - 本地已存在基金 011120 数据，共 1150 行，最新日期为: 2025-09-17
2025-09-18 14:01:50,629 - INFO - 基金 011120 的本地数据已是最新 (2025-09-17, 期望: 2025-09-17) 且数据量足够 (1150 行)，直接加载。
2025-09-18 14:01:50,635 - INFO - 本地已存在基金 011145 数据，共 1046 行，最新日期为: 2025-09-17
2025-09-18 14:01:50,636 - INFO - 基金 011145 的本地数据已是最新 (2025-09-17, 期望: 2025-09-17) 且数据量足够 (1046 行)，直接加载。
2025-09-18 14:01:50,642 - INFO - 本地已存在基金 011197 数据，共 1012 行，最新日期为: 2025-09-17
2025-09-18 14:01:50,642 - INFO - 基金 011197 的本地数据已是最新 (2025-09-17, 期望: 2025-09-17) 且数据量足够 (1012 行)，直接加载。
2025-09-18 14:01:50,649 - INFO - 本地已存在基金 011223 数据，共 1101 行，最新日期为: 2025-09-17
2025-09-18 14:01:50,649 - INFO - 基金 011223 的本地数据已是最新 (2025-09-17, 期望: 2025-09-17) 且数据量足够 (1101 行)，直接加载。
2025-09-18 14:01:50,655 - INFO - 本地已存在基金 011270 数据，共 978 行，最新日期为: 2025-09-17
2025-09-18 14:01:50,655 - INFO - 基金 011270 的本地数据已是最新 (2025-09-17, 期望: 2025-09-17) 且数据量足够 (978 行)，直接加载。
2025-09-18 14:01:50,662 - INFO - 本地已存在基金 011306 数据，共 1136 行，最新日期为: 2025-09-17
2025-09-18 14:01:50,662 - INFO - 基金 011306 的本地数据已是最新 (2025-09-17, 期望: 2025-09-17) 且数据量足够 (1136 行)，直接加载。
2025-09-18 14:01:50,668 - INFO - 本地已存在基金 011370 数据，共 1053 行，最新日期为: 2025-09-17
2025-09-18 14:01:50,669 - INFO - 基金 011370 的本地数据已是最新 (2025-09-17, 期望: 2025-09-17) 且数据量足够 (1053 行)，直接加载。
2025-09-18 14:01:50,675 - INFO - 本地已存在基金 011372 数据，共 999 行，最新日期为: 2025-09-17
2025-09-18 14:01:50,675 - INFO - 基金 011372 的本地数据已是最新 (2025-09-17, 期望: 2025-09-17) 且数据量足够 (999 行)，直接加载。
2025-09-18 14:01:50,682 - INFO - 本地已存在基金 011412 数据，共 1085 行，最新日期为: 2025-09-17
2025-09-18 14:01:50,682 - INFO - 基金 011412 的本地数据已是最新 (2025-09-17, 期望: 2025-09-17) 且数据量足够 (1085 行)，直接加载。
2025-09-18 14:01:50,688 - INFO - 本地已存在基金 011452 数据，共 1117 行，最新日期为: 2025-09-17
2025-09-18 14:01:50,688 - INFO - 基金 011452 的本地数据已是最新 (2025-09-17, 期望: 2025-09-17) 且数据量足够 (1117 行)，直接加载。
2025-09-18 14:01:50,695 - INFO - 本地已存在基金 011487 数据，共 1058 行，最新日期为: 2025-09-17
2025-09-18 14:01:50,695 - INFO - 基金 011487 的本地数据已是最新 (2025-09-17, 期望: 2025-09-17) 且数据量足够 (1058 行)，直接加载。
2025-09-18 14:01:50,702 - INFO - 本地已存在基金 011833 数据，共 1042 行，最新日期为: 2025-09-17
2025-09-18 14:01:50,702 - INFO - 基金 011833 的本地数据已是最新 (2025-09-17, 期望: 2025-09-17) 且数据量足够 (1042 行)，直接加载。
2025-09-18 14:01:50,708 - INFO - 本地已存在基金 011840 数据，共 993 行，最新日期为: 2025-09-17
2025-09-18 14:01:50,708 - INFO - 基金 011840 的本地数据已是最新 (2025-09-17, 期望: 2025-09-17) 且数据量足够 (993 行)，直接加载。
2025-09-18 14:01:50,715 - INFO - 本地已存在基金 011892 数据，共 927 行，最新日期为: 2025-09-17
2025-09-18 14:01:50,715 - INFO - 基金 011892 的本地数据已是最新 (2025-09-17, 期望: 2025-09-17) 且数据量足够 (927 行)，直接加载。
2025-09-18 14:01:50,721 - INFO - 本地已存在基金 012083 数据，共 750 行，最新日期为: 2025-09-17
2025-09-18 14:01:50,722 - INFO - 基金 012083 的本地数据已是最新 (2025-09-17, 期望: 2025-09-17) 且数据量足够 (750 行)，直接加载。
2025-09-18 14:01:50,728 - INFO - 本地已存在基金 012224 数据，共 945 行，最新日期为: 2025-09-17
2025-09-18 14:01:50,728 - INFO - 基金 012224 的本地数据已是最新 (2025-09-17, 期望: 2025-09-17) 且数据量足够 (945 行)，直接加载。
2025-09-18 14:01:50,734 - INFO - 本地已存在基金 012322 数据，共 973 行，最新日期为: 2025-09-17
2025-09-18 14:01:50,735 - INFO - 基金 012322 的本地数据已是最新 (2025-09-17, 期望: 2025-09-17) 且数据量足够 (973 行)，直接加载。
2025-09-18 14:01:50,741 - INFO - 本地已存在基金 012457 数据，共 969 行，最新日期为: 2025-09-17
2025-09-18 14:01:50,741 - INFO - 基金 012457 的本地数据已是最新 (2025-09-17, 期望: 2025-09-17) 且数据量足够 (969 行)，直接加载。
2025-09-18 14:01:50,747 - INFO - 本地已存在基金 012478 数据，共 950 行，最新日期为: 2025-09-17
2025-09-18 14:01:50,748 - INFO - 基金 012478 的本地数据已是最新 (2025-09-17, 期望: 2025-09-17) 且数据量足够 (950 行)，直接加载。
2025-09-18 14:01:50,754 - INFO - 本地已存在基金 012536 数据，共 951 行，最新日期为: 2025-09-17
2025-09-18 14:01:50,754 - INFO - 基金 012536 的本地数据已是最新 (2025-09-17, 期望: 2025-09-17) 且数据量足够 (951 行)，直接加载。
2025-09-18 14:01:50,761 - INFO - 本地已存在基金 012617 数据，共 1043 行，最新日期为: 2025-09-17
2025-09-18 14:01:50,761 - INFO - 基金 012617 的本地数据已是最新 (2025-09-17, 期望: 2025-09-17) 且数据量足够 (1043 行)，直接加载。
2025-09-18 14:01:50,767 - INFO - 本地已存在基金 012651 数据，共 971 行，最新日期为: 2025-09-17
2025-09-18 14:01:50,767 - INFO - 基金 012651 的本地数据已是最新 (2025-09-17, 期望: 2025-09-17) 且数据量足够 (971 行)，直接加载。
2025-09-18 14:01:50,774 - INFO - 本地已存在基金 012697 数据，共 967 行，最新日期为: 2025-09-17
2025-09-18 14:01:50,774 - INFO - 基金 012697 的本地数据已是最新 (2025-09-17, 期望: 2025-09-17) 且数据量足够 (967 行)，直接加载。
2025-09-18 14:01:50,780 - INFO - 本地已存在基金 012734 数据，共 862 行，最新日期为: 2025-09-17
2025-09-18 14:01:50,781 - INFO - 基金 012734 的本地数据已是最新 (2025-09-17, 期望: 2025-09-17) 且数据量足够 (862 行)，直接加载。
2025-09-18 14:01:50,787 - INFO - 本地已存在基金 012800 数据，共 1021 行，最新日期为: 2025-09-17
2025-09-18 14:01:50,787 - INFO - 基金 012800 的本地数据已是最新 (2025-09-17, 期望: 2025-09-17) 且数据量足够 (1021 行)，直接加载。
2025-09-18 14:01:50,793 - INFO - 本地已存在基金 013153 数据，共 998 行，最新日期为: 2025-09-17
2025-09-18 14:01:50,794 - INFO - 基金 013153 的本地数据已是最新 (2025-09-17, 期望: 2025-09-17) 且数据量足够 (998 行)，直接加载。
2025-09-18 14:01:50,800 - INFO - 本地已存在基金 013239 数据，共 887 行，最新日期为: 2025-09-17
2025-09-18 14:01:50,800 - INFO - 基金 013239 的本地数据已是最新 (2025-09-17, 期望: 2025-09-17) 且数据量足够 (887 行)，直接加载。
2025-09-18 14:01:50,806 - INFO - 本地已存在基金 013370 数据，共 833 行，最新日期为: 2025-09-17
2025-09-18 14:01:50,807 - INFO - 基金 013370 的本地数据已是最新 (2025-09-17, 期望: 2025-09-17) 且数据量足够 (833 行)，直接加载。
2025-09-18 14:01:50,813 - INFO - 本地已存在基金 013722 数据，共 895 行，最新日期为: 2025-09-17
2025-09-18 14:01:50,813 - INFO - 基金 013722 的本地数据已是最新 (2025-09-17, 期望: 2025-09-17) 且数据量足够 (895 行)，直接加载。
2025-09-18 14:01:50,819 - INFO - 本地已存在基金 014037 数据，共 879 行，最新日期为: 2025-09-17
2025-09-18 14:01:50,820 - INFO - 基金 014037 的本地数据已是最新 (2025-09-17, 期望: 2025-09-17) 且数据量足够 (879 行)，直接加载。
2025-09-18 14:01:50,826 - INFO - 本地已存在基金 014130 数据，共 927 行，最新日期为: 2025-09-17
2025-09-18 14:01:50,826 - INFO - 基金 014130 的本地数据已是最新 (2025-09-17, 期望: 2025-09-17) 且数据量足够 (927 行)，直接加载。
2025-09-18 14:01:50,832 - INFO - 本地已存在基金 014143 数据，共 933 行，最新日期为: 2025-09-17
2025-09-18 14:01:50,833 - INFO - 基金 014143 的本地数据已是最新 (2025-09-17, 期望: 2025-09-17) 且数据量足够 (933 行)，直接加载。
2025-09-18 14:01:50,839 - INFO - 本地已存在基金 014243 数据，共 920 行，最新日期为: 2025-09-17
2025-09-18 14:01:50,839 - INFO - 基金 014243 的本地数据已是最新 (2025-09-17, 期望: 2025-09-17) 且数据量足够 (920 行)，直接加载。
2025-09-18 14:01:50,846 - INFO - 本地已存在基金 014262 数据，共 867 行，最新日期为: 2025-09-17
2025-09-18 14:01:50,846 - INFO - 基金 014262 的本地数据已是最新 (2025-09-17, 期望: 2025-09-17) 且数据量足够 (867 行)，直接加载。
2025-09-18 14:01:50,852 - INFO - 本地已存在基金 014318 数据，共 775 行，最新日期为: 2025-09-17
2025-09-18 14:01:50,852 - INFO - 基金 014318 的本地数据已是最新 (2025-09-17, 期望: 2025-09-17) 且数据量足够 (775 行)，直接加载。
2025-09-18 14:01:50,859 - INFO - 本地已存在基金 014320 数据，共 902 行，最新日期为: 2025-09-17
2025-09-18 14:01:50,859 - INFO - 基金 014320 的本地数据已是最新 (2025-09-17, 期望: 2025-09-17) 且数据量足够 (902 行)，直接加载。
2025-09-18 14:01:50,865 - INFO - 本地已存在基金 014332 数据，共 915 行，最新日期为: 2025-09-17
2025-09-18 14:01:50,865 - INFO - 基金 014332 的本地数据已是最新 (2025-09-17, 期望: 2025-09-17) 且数据量足够 (915 行)，直接加载。
2025-09-18 14:01:50,872 - INFO - 本地已存在基金 014417 数据，共 862 行，最新日期为: 2025-09-17
2025-09-18 14:01:50,872 - INFO - 基金 014417 的本地数据已是最新 (2025-09-17, 期望: 2025-09-17) 且数据量足够 (862 行)，直接加载。
2025-09-18 14:01:50,878 - INFO - 本地已存在基金 014419 数据，共 908 行，最新日期为: 2025-09-17
2025-09-18 14:01:50,879 - INFO - 基金 014419 的本地数据已是最新 (2025-09-17, 期望: 2025-09-17) 且数据量足够 (908 行)，直接加载。
2025-09-18 14:01:50,885 - INFO - 本地已存在基金 014544 数据，共 898 行，最新日期为: 2025-09-17
2025-09-18 14:01:50,885 - INFO - 基金 014544 的本地数据已是最新 (2025-09-17, 期望: 2025-09-17) 且数据量足够 (898 行)，直接加载。
2025-09-18 14:01:50,892 - INFO - 本地已存在基金 014581 数据，共 910 行，最新日期为: 2025-09-17
2025-09-18 14:01:50,892 - INFO - 基金 014581 的本地数据已是最新 (2025-09-17, 期望: 2025-09-17) 且数据量足够 (910 行)，直接加载。
2025-09-18 14:01:50,902 - INFO - 本地已存在基金 014601 数据，共 839 行，最新日期为: 2025-09-17
2025-09-18 14:01:50,902 - INFO - 基金 014601 的本地数据已是最新 (2025-09-17, 期望: 2025-09-17) 且数据量足够 (839 行)，直接加载。
2025-09-18 14:01:50,911 - INFO - 本地已存在基金 014642 数据，共 909 行，最新日期为: 2025-09-17
2025-09-18 14:01:50,911 - INFO - 基金 014642 的本地数据已是最新 (2025-09-17, 期望: 2025-09-17) 且数据量足够 (909 行)，直接加载。
2025-09-18 14:01:50,917 - INFO - 本地已存在基金 014728 数据，共 841 行，最新日期为: 2025-09-17
2025-09-18 14:01:50,917 - INFO - 基金 014728 的本地数据已是最新 (2025-09-17, 期望: 2025-09-17) 且数据量足够 (841 行)，直接加载。
2025-09-18 14:01:50,924 - INFO - 本地已存在基金 014916 数据，共 835 行，最新日期为: 2025-09-17
2025-09-18 14:01:50,924 - INFO - 基金 014916 的本地数据已是最新 (2025-09-17, 期望: 2025-09-17) 且数据量足够 (835 行)，直接加载。
2025-09-18 14:01:50,930 - INFO - 本地已存在基金 014939 数据，共 849 行，最新日期为: 2025-09-17
2025-09-18 14:01:50,930 - INFO - 基金 014939 的本地数据已是最新 (2025-09-17, 期望: 2025-09-17) 且数据量足够 (849 行)，直接加载。
2025-09-18 14:01:50,937 - INFO - 本地已存在基金 015044 数据，共 775 行，最新日期为: 2025-09-17
2025-09-18 14:01:50,937 - INFO - 基金 015044 的本地数据已是最新 (2025-09-17, 期望: 2025-09-17) 且数据量足够 (775 行)，直接加载。
2025-09-18 14:01:50,943 - INFO - 本地已存在基金 015097 数据，共 836 行，最新日期为: 2025-09-17
2025-09-18 14:01:50,943 - INFO - 基金 015097 的本地数据已是最新 (2025-09-17, 期望: 2025-09-17) 且数据量足够 (836 行)，直接加载。
2025-09-18 14:01:50,950 - INFO - 本地已存在基金 015144 数据，共 851 行，最新日期为: 2025-09-17
2025-09-18 14:01:50,950 - INFO - 基金 015144 的本地数据已是最新 (2025-09-17, 期望: 2025-09-17) 且数据量足够 (851 行)，直接加载。
2025-09-18 14:01:50,956 - INFO - 本地已存在基金 015152 数据，共 873 行，最新日期为: 2025-09-17
2025-09-18 14:01:50,956 - INFO - 基金 015152 的本地数据已是最新 (2025-09-17, 期望: 2025-09-17) 且数据量足够 (873 行)，直接加载。
2025-09-18 14:01:50,963 - INFO - 本地已存在基金 015271 数据，共 867 行，最新日期为: 2025-09-17
2025-09-18 14:01:50,963 - INFO - 基金 015271 的本地数据已是最新 (2025-09-17, 期望: 2025-09-17) 且数据量足够 (867 行)，直接加载。
2025-09-18 14:01:50,969 - INFO - 本地已存在基金 015290 数据，共 678 行，最新日期为: 2025-09-17
2025-09-18 14:01:50,969 - INFO - 基金 015290 的本地数据已是最新 (2025-09-17, 期望: 2025-09-17) 且数据量足够 (678 行)，直接加载。
2025-09-18 14:01:50,976 - INFO - 本地已存在基金 015369 数据，共 611 行，最新日期为: 2025-09-17
2025-09-18 14:01:50,976 - INFO - 基金 015369 的本地数据已是最新 (2025-09-17, 期望: 2025-09-17) 且数据量足够 (611 行)，直接加载。
2025-09-18 14:01:50,982 - INFO - 本地已存在基金 015389 数据，共 845 行，最新日期为: 2025-09-17
2025-09-18 14:01:50,982 - INFO - 基金 015389 的本地数据已是最新 (2025-09-17, 期望: 2025-09-17) 且数据量足够 (845 行)，直接加载。
2025-09-18 14:01:50,989 - INFO - 本地已存在基金 015456 数据，共 851 行，最新日期为: 2025-09-17
2025-09-18 14:01:50,989 - INFO - 基金 015456 的本地数据已是最新 (2025-09-17, 期望: 2025-09-17) 且数据量足够 (851 行)，直接加载。
2025-09-18 14:01:50,995 - INFO - 本地已存在基金 015576 数据，共 801 行，最新日期为: 2025-09-17
2025-09-18 14:01:50,995 - INFO - 基金 015576 的本地数据已是最新 (2025-09-17, 期望: 2025-09-17) 且数据量足够 (801 行)，直接加载。
2025-09-18 14:01:51,002 - INFO - 本地已存在基金 015608 数据，共 807 行，最新日期为: 2025-09-17
2025-09-18 14:01:51,002 - INFO - 基金 015608 的本地数据已是最新 (2025-09-17, 期望: 2025-09-17) 且数据量足够 (807 行)，直接加载。
2025-09-18 14:01:51,008 - INFO - 本地已存在基金 015642 数据，共 766 行，最新日期为: 2025-09-17
2025-09-18 14:01:51,009 - INFO - 基金 015642 的本地数据已是最新 (2025-09-17, 期望: 2025-09-17) 且数据量足够 (766 行)，直接加载。
2025-09-18 14:01:51,015 - INFO - 本地已存在基金 015683 数据，共 827 行，最新日期为: 2025-09-17
2025-09-18 14:01:51,015 - INFO - 基金 015683 的本地数据已是最新 (2025-09-17, 期望: 2025-09-17) 且数据量足够 (827 行)，直接加载。
2025-09-18 14:01:51,022 - INFO - 本地已存在基金 015686 数据，共 797 行，最新日期为: 2025-09-17
2025-09-18 14:01:51,022 - INFO - 基金 015686 的本地数据已是最新 (2025-09-17, 期望: 2025-09-17) 且数据量足够 (797 行)，直接加载。
2025-09-18 14:01:51,028 - INFO - 本地已存在基金 015690 数据，共 799 行，最新日期为: 2025-09-17
2025-09-18 14:01:51,028 - INFO - 基金 015690 的本地数据已是最新 (2025-09-17, 期望: 2025-09-17) 且数据量足够 (799 行)，直接加载。
2025-09-18 14:01:51,035 - INFO - 本地已存在基金 015692 数据，共 797 行，最新日期为: 2025-09-17
2025-09-18 14:01:51,035 - INFO - 基金 015692 的本地数据已是最新 (2025-09-17, 期望: 2025-09-17) 且数据量足够 (797 行)，直接加载。
2025-09-18 14:01:51,041 - INFO - 本地已存在基金 015715 数据，共 797 行，最新日期为: 2025-09-17
2025-09-18 14:01:51,042 - INFO - 基金 015715 的本地数据已是最新 (2025-09-17, 期望: 2025-09-17) 且数据量足够 (797 行)，直接加载。
2025-09-18 14:01:51,048 - INFO - 本地已存在基金 015751 数据，共 821 行，最新日期为: 2025-09-17
2025-09-18 14:01:51,048 - INFO - 基金 015751 的本地数据已是最新 (2025-09-17, 期望: 2025-09-17) 且数据量足够 (821 行)，直接加载。
2025-09-18 14:01:51,054 - INFO - 本地已存在基金 015849 数据，共 800 行，最新日期为: 2025-09-17
2025-09-18 14:01:51,055 - INFO - 基金 015849 的本地数据已是最新 (2025-09-17, 期望: 2025-09-17) 且数据量足够 (800 行)，直接加载。
2025-09-18 14:01:51,061 - INFO - 本地已存在基金 015857 数据，共 636 行，最新日期为: 2025-09-17
2025-09-18 14:01:51,061 - INFO - 基金 015857 的本地数据已是最新 (2025-09-17, 期望: 2025-09-17) 且数据量足够 (636 行)，直接加载。
2025-09-18 14:01:51,067 - INFO - 本地已存在基金 015881 数据，共 756 行，最新日期为: 2025-09-17
2025-09-18 14:01:51,067 - INFO - 基金 015881 的本地数据已是最新 (2025-09-17, 期望: 2025-09-17) 且数据量足够 (756 行)，直接加载。
2025-09-18 14:01:51,073 - INFO - 本地已存在基金 015916 数据，共 683 行，最新日期为: 2025-09-17
2025-09-18 14:01:51,074 - INFO - 基金 015916 的本地数据已是最新 (2025-09-17, 期望: 2025-09-17) 且数据量足够 (683 行)，直接加载。
2025-09-18 14:01:51,080 - INFO - 本地已存在基金 015968 数据，共 713 行，最新日期为: 2025-09-17
2025-09-18 14:01:51,080 - INFO - 基金 015968 的本地数据已是最新 (2025-09-17, 期望: 2025-09-17) 且数据量足够 (713 行)，直接加载。
2025-09-18 14:01:51,086 - INFO - 本地已存在基金 016068 数据，共 748 行，最新日期为: 2025-09-17
2025-09-18 14:01:51,086 - INFO - 基金 016068 的本地数据已是最新 (2025-09-17, 期望: 2025-09-17) 且数据量足够 (748 行)，直接加载。
2025-09-18 14:01:51,092 - INFO - 本地已存在基金 016076 数据，共 658 行，最新日期为: 2025-09-17
2025-09-18 14:01:51,093 - INFO - 基金 016076 的本地数据已是最新 (2025-09-17, 期望: 2025-09-17) 且数据量足够 (658 行)，直接加载。
2025-09-18 14:01:51,099 - INFO - 本地已存在基金 016234 数据，共 776 行，最新日期为: 2025-09-17
2025-09-18 14:01:51,099 - INFO - 基金 016234 的本地数据已是最新 (2025-09-17, 期望: 2025-09-17) 且数据量足够 (776 行)，直接加载。
2025-09-18 14:01:51,105 - INFO - 本地已存在基金 016244 数据，共 589 行，最新日期为: 2025-09-17
2025-09-18 14:01:51,105 - INFO - 基金 016244 的本地数据已是最新 (2025-09-17, 期望: 2025-09-17) 且数据量足够 (589 行)，直接加载。
2025-09-18 14:01:51,111 - INFO - 本地已存在基金 016251 数据，共 725 行，最新日期为: 2025-09-17
2025-09-18 14:01:51,111 - INFO - 基金 016251 的本地数据已是最新 (2025-09-17, 期望: 2025-09-17) 且数据量足够 (725 行)，直接加载。
2025-09-18 14:01:51,117 - INFO - 本地已存在基金 016371 数据，共 732 行，最新日期为: 2025-09-17
2025-09-18 14:01:51,118 - INFO - 基金 016371 的本地数据已是最新 (2025-09-17, 期望: 2025-09-17) 且数据量足够 (732 行)，直接加载。
2025-09-18 14:01:51,124 - INFO - 本地已存在基金 016373 数据，共 721 行，最新日期为: 2025-09-17
2025-09-18 14:01:51,124 - INFO - 基金 016373 的本地数据已是最新 (2025-09-17, 期望: 2025-09-17) 且数据量足够 (721 行)，直接加载。
2025-09-18 14:01:51,130 - INFO - 本地已存在基金 016461 数据，共 748 行，最新日期为: 2025-09-17
2025-09-18 14:01:51,130 - INFO - 基金 016461 的本地数据已是最新 (2025-09-17, 期望: 2025-09-17) 且数据量足够 (748 行)，直接加载。
2025-09-18 14:01:51,136 - INFO - 本地已存在基金 016463 数据，共 734 行，最新日期为: 2025-09-17
2025-09-18 14:01:51,136 - INFO - 基金 016463 的本地数据已是最新 (2025-09-17, 期望: 2025-09-17) 且数据量足够 (734 行)，直接加载。
2025-09-18 14:01:51,143 - INFO - 本地已存在基金 016531 数据，共 565 行，最新日期为: 2025-09-17
2025-09-18 14:01:51,143 - INFO - 基金 016531 的本地数据已是最新 (2025-09-17, 期望: 2025-09-17) 且数据量足够 (565 行)，直接加载。
2025-09-18 14:01:51,149 - INFO - 本地已存在基金 016919 数据，共 707 行，最新日期为: 2025-09-17
2025-09-18 14:01:51,149 - INFO - 基金 016919 的本地数据已是最新 (2025-09-17, 期望: 2025-09-17) 且数据量足够 (707 行)，直接加载。
2025-09-18 14:01:51,155 - INFO - 本地已存在基金 016971 数据，共 687 行，最新日期为: 2025-09-17
2025-09-18 14:01:51,155 - INFO - 基金 016971 的本地数据已是最新 (2025-09-17, 期望: 2025-09-17) 且数据量足够 (687 行)，直接加载。
2025-09-18 14:01:51,161 - INFO - 本地已存在基金 017076 数据，共 663 行，最新日期为: 2025-09-17
2025-09-18 14:01:51,162 - INFO - 基金 017076 的本地数据已是最新 (2025-09-17, 期望: 2025-09-17) 且数据量足够 (663 行)，直接加载。
2025-09-18 14:01:51,168 - INFO - 本地已存在基金 017103 数据，共 592 行，最新日期为: 2025-09-17
2025-09-18 14:01:51,168 - INFO - 基金 017103 的本地数据已是最新 (2025-09-17, 期望: 2025-09-17) 且数据量足够 (592 行)，直接加载。
2025-09-18 14:01:51,174 - INFO - 本地已存在基金 017290 数据，共 690 行，最新日期为: 2025-09-17
2025-09-18 14:01:51,174 - INFO - 基金 017290 的本地数据已是最新 (2025-09-17, 期望: 2025-09-17) 且数据量足够 (690 行)，直接加载。
2025-09-18 14:01:51,180 - INFO - 本地已存在基金 017366 数据，共 633 行，最新日期为: 2025-09-17
2025-09-18 14:01:51,180 - INFO - 基金 017366 的本地数据已是最新 (2025-09-17, 期望: 2025-09-17) 且数据量足够 (633 行)，直接加载。
2025-09-18 14:01:51,186 - INFO - 本地已存在基金 017461 数据，共 684 行，最新日期为: 2025-09-17
2025-09-18 14:01:51,187 - INFO - 基金 017461 的本地数据已是最新 (2025-09-17, 期望: 2025-09-17) 且数据量足够 (684 行)，直接加载。
2025-09-18 14:01:51,193 - INFO - 本地已存在基金 017470 数据，共 677 行，最新日期为: 2025-09-17
2025-09-18 14:01:51,193 - INFO - 基金 017470 的本地数据已是最新 (2025-09-17, 期望: 2025-09-17) 且数据量足够 (677 行)，直接加载。
2025-09-18 14:01:51,199 - INFO - 本地已存在基金 017484 数据，共 653 行，最新日期为: 2025-09-17
2025-09-18 14:01:51,199 - INFO - 基金 017484 的本地数据已是最新 (2025-09-17, 期望: 2025-09-17) 且数据量足够 (653 行)，直接加载。
2025-09-18 14:01:51,205 - INFO - 本地已存在基金 017489 数据，共 661 行，最新日期为: 2025-09-17
2025-09-18 14:01:51,205 - INFO - 基金 017489 的本地数据已是最新 (2025-09-17, 期望: 2025-09-17) 且数据量足够 (661 行)，直接加载。
2025-09-18 14:01:51,211 - INFO - 本地已存在基金 017491 数据，共 485 行，最新日期为: 2025-09-17
2025-09-18 14:01:51,212 - INFO - 基金 017491 的本地数据已是最新 (2025-09-17, 期望: 2025-09-17) 且数据量足够 (485 行)，直接加载。
2025-09-18 14:01:51,218 - INFO - 本地已存在基金 017511 数据，共 679 行，最新日期为: 2025-09-17
2025-09-18 14:01:51,218 - INFO - 基金 017511 的本地数据已是最新 (2025-09-17, 期望: 2025-09-17) 且数据量足够 (679 行)，直接加载。
2025-09-18 14:01:51,224 - INFO - 本地已存在基金 017513 数据，共 663 行，最新日期为: 2025-09-17
2025-09-18 14:01:51,224 - INFO - 基金 017513 的本地数据已是最新 (2025-09-17, 期望: 2025-09-17) 且数据量足够 (663 行)，直接加载。
2025-09-18 14:01:51,230 - INFO - 本地已存在基金 017516 数据，共 661 行，最新日期为: 2025-09-17
2025-09-18 14:01:51,230 - INFO - 基金 017516 的本地数据已是最新 (2025-09-17, 期望: 2025-09-17) 且数据量足够 (661 行)，直接加载。
2025-09-18 14:01:51,236 - INFO - 本地已存在基金 017518 数据，共 665 行，最新日期为: 2025-09-17
2025-09-18 14:01:51,237 - INFO - 基金 017518 的本地数据已是最新 (2025-09-17, 期望: 2025-09-17) 且数据量足够 (665 行)，直接加载。
2025-09-18 14:01:51,243 - INFO - 本地已存在基金 017520 数据，共 659 行，最新日期为: 2025-09-17
2025-09-18 14:01:51,243 - INFO - 基金 017520 的本地数据已是最新 (2025-09-17, 期望: 2025-09-17) 且数据量足够 (659 行)，直接加载。
2025-09-18 14:01:51,249 - INFO - 本地已存在基金 017522 数据，共 658 行，最新日期为: 2025-09-17
2025-09-18 14:01:51,249 - INFO - 基金 017522 的本地数据已是最新 (2025-09-17, 期望: 2025-09-17) 且数据量足够 (658 行)，直接加载。
2025-09-18 14:01:51,255 - INFO - 本地已存在基金 017524 数据，共 638 行，最新日期为: 2025-09-17
2025-09-18 14:01:51,255 - INFO - 基金 017524 的本地数据已是最新 (2025-09-17, 期望: 2025-09-17) 且数据量足够 (638 行)，直接加载。
2025-09-18 14:01:51,261 - INFO - 本地已存在基金 017526 数据，共 656 行，最新日期为: 2025-09-17
2025-09-18 14:01:51,262 - INFO - 基金 017526 的本地数据已是最新 (2025-09-17, 期望: 2025-09-17) 且数据量足够 (656 行)，直接加载。
2025-09-18 14:01:51,268 - INFO - 本地已存在基金 017528 数据，共 663 行，最新日期为: 2025-09-17
2025-09-18 14:01:51,268 - INFO - 基金 017528 的本地数据已是最新 (2025-09-17, 期望: 2025-09-17) 且数据量足够 (663 行)，直接加载。
2025-09-18 14:01:51,274 - INFO - 本地已存在基金 017560 数据，共 663 行，最新日期为: 2025-09-17
2025-09-18 14:01:51,274 - INFO - 基金 017560 的本地数据已是最新 (2025-09-17, 期望: 2025-09-17) 且数据量足够 (663 行)，直接加载。
2025-09-18 14:01:51,280 - INFO - 本地已存在基金 017612 数据，共 630 行，最新日期为: 2025-09-17
2025-09-18 14:01:51,281 - INFO - 基金 017612 的本地数据已是最新 (2025-09-17, 期望: 2025-09-17) 且数据量足够 (630 行)，直接加载。
2025-09-18 14:01:51,287 - INFO - 本地已存在基金 017745 数据，共 601 行，最新日期为: 2025-09-17
2025-09-18 14:01:51,287 - INFO - 基金 017745 的本地数据已是最新 (2025-09-17, 期望: 2025-09-17) 且数据量足够 (601 行)，直接加载。
2025-09-18 14:01:51,293 - INFO - 本地已存在基金 017747 数据，共 551 行，最新日期为: 2025-09-17
2025-09-18 14:01:51,293 - INFO - 基金 017747 的本地数据已是最新 (2025-09-17, 期望: 2025-09-17) 且数据量足够 (551 行)，直接加载。
2025-09-18 14:01:51,300 - INFO - 本地已存在基金 017836 数据，共 472 行，最新日期为: 2025-09-17
2025-09-18 14:01:51,300 - INFO - 基金 017836 的本地数据已是最新 (2025-09-17, 期望: 2025-09-17) 且数据量足够 (472 行)，直接加载。
2025-09-18 14:01:51,306 - INFO - 本地已存在基金 017854 数据，共 613 行，最新日期为: 2025-09-17
2025-09-18 14:01:51,306 - INFO - 基金 017854 的本地数据已是最新 (2025-09-17, 期望: 2025-09-17) 且数据量足够 (613 行)，直接加载。
2025-09-18 14:01:51,312 - INFO - 本地已存在基金 017968 数据，共 618 行，最新日期为: 2025-09-17
2025-09-18 14:01:51,312 - INFO - 基金 017968 的本地数据已是最新 (2025-09-17, 期望: 2025-09-17) 且数据量足够 (618 行)，直接加载。
2025-09-18 14:01:51,318 - INFO - 本地已存在基金 018082 数据，共 617 行，最新日期为: 2025-09-17
2025-09-18 14:01:51,319 - INFO - 基金 018082 的本地数据已是最新 (2025-09-17, 期望: 2025-09-17) 且数据量足够 (617 行)，直接加载。
2025-09-18 14:01:51,325 - INFO - 本地已存在基金 018113 数据，共 576 行，最新日期为: 2025-09-17
2025-09-18 14:01:51,325 - INFO - 基金 018113 的本地数据已是最新 (2025-09-17, 期望: 2025-09-17) 且数据量足够 (576 行)，直接加载。
2025-09-18 14:01:51,331 - INFO - 本地已存在基金 018115 数据，共 574 行，最新日期为: 2025-09-17
2025-09-18 14:01:51,331 - INFO - 基金 018115 的本地数据已是最新 (2025-09-17, 期望: 2025-09-17) 且数据量足够 (574 行)，直接加载。
2025-09-18 14:01:51,337 - INFO - 本地已存在基金 018121 数据，共 570 行，最新日期为: 2025-09-17
2025-09-18 14:01:51,337 - INFO - 基金 018121 的本地数据已是最新 (2025-09-17, 期望: 2025-09-17) 且数据量足够 (570 行)，直接加载。
2025-09-18 14:01:51,344 - INFO - 本地已存在基金 018123 数据，共 568 行，最新日期为: 2025-09-17
2025-09-18 14:01:51,344 - INFO - 基金 018123 的本地数据已是最新 (2025-09-17, 期望: 2025-09-17) 且数据量足够 (568 行)，直接加载。
2025-09-18 14:01:51,350 - INFO - 本地已存在基金 018125 数据，共 574 行，最新日期为: 2025-09-17
2025-09-18 14:01:51,350 - INFO - 基金 018125 的本地数据已是最新 (2025-09-17, 期望: 2025-09-17) 且数据量足够 (574 行)，直接加载。
2025-09-18 14:01:51,356 - INFO - 本地已存在基金 018129 数据，共 567 行，最新日期为: 2025-09-17
2025-09-18 14:01:51,356 - INFO - 基金 018129 的本地数据已是最新 (2025-09-17, 期望: 2025-09-17) 且数据量足够 (567 行)，直接加载。
2025-09-18 14:01:51,362 - INFO - 本地已存在基金 018216 数据，共 601 行，最新日期为: 2025-09-17
2025-09-18 14:01:51,363 - INFO - 基金 018216 的本地数据已是最新 (2025-09-17, 期望: 2025-09-17) 且数据量足够 (601 行)，直接加载。
2025-09-18 14:01:51,369 - INFO - 本地已存在基金 018227 数据，共 591 行，最新日期为: 2025-09-17
2025-09-18 14:01:51,369 - INFO - 基金 018227 的本地数据已是最新 (2025-09-17, 期望: 2025-09-17) 且数据量足够 (591 行)，直接加载。
2025-09-18 14:01:51,375 - INFO - 本地已存在基金 018241 数据，共 481 行，最新日期为: 2025-09-17
2025-09-18 14:01:51,375 - INFO - 基金 018241 的本地数据已是最新 (2025-09-17, 期望: 2025-09-17) 且数据量足够 (481 行)，直接加载。
2025-09-18 14:01:51,381 - INFO - 本地已存在基金 018288 数据，共 551 行，最新日期为: 2025-09-17
2025-09-18 14:01:51,381 - INFO - 基金 018288 的本地数据已是最新 (2025-09-17, 期望: 2025-09-17) 且数据量足够 (551 行)，直接加载。
2025-09-18 14:01:51,387 - INFO - 本地已存在基金 018326 数据，共 556 行，最新日期为: 2025-09-17
2025-09-18 14:01:51,388 - INFO - 基金 018326 的本地数据已是最新 (2025-09-17, 期望: 2025-09-17) 且数据量足够 (556 行)，直接加载。
2025-09-18 14:01:51,394 - INFO - 本地已存在基金 018359 数据，共 534 行，最新日期为: 2025-09-17
2025-09-18 14:01:51,394 - INFO - 基金 018359 的本地数据已是最新 (2025-09-17, 期望: 2025-09-17) 且数据量足够 (534 行)，直接加载。
2025-09-18 14:01:51,400 - INFO - 本地已存在基金 018495 数据，共 572 行，最新日期为: 2025-09-17
2025-09-18 14:01:51,400 - INFO - 基金 018495 的本地数据已是最新 (2025-09-17, 期望: 2025-09-17) 且数据量足够 (572 行)，直接加载。
2025-09-18 14:01:51,406 - INFO - 本地已存在基金 018731 数据，共 394 行，最新日期为: 2025-09-17
2025-09-18 14:01:51,406 - INFO - 基金 018731 的本地数据已是最新 (2025-09-17, 期望: 2025-09-17) 且数据量足够 (394 行)，直接加载。
2025-09-18 14:01:51,412 - INFO - 本地已存在基金 018836 数据，共 353 行，最新日期为: 2025-09-17
2025-09-18 14:01:51,412 - INFO - 基金 018836 的本地数据已是最新 (2025-09-17, 期望: 2025-09-17) 且数据量足够 (353 行)，直接加载。
2025-09-18 14:01:51,418 - INFO - 本地已存在基金 018933 数据，共 527 行，最新日期为: 2025-09-17
2025-09-18 14:01:51,419 - INFO - 基金 018933 的本地数据已是最新 (2025-09-17, 期望: 2025-09-17) 且数据量足够 (527 行)，直接加载。
2025-09-18 14:01:51,425 - INFO - 本地已存在基金 018957 数据，共 498 行，最新日期为: 2025-09-17
2025-09-18 14:01:51,425 - INFO - 基金 018957 的本地数据已是最新 (2025-09-17, 期望: 2025-09-17) 且数据量足够 (498 行)，直接加载。
2025-09-18 14:01:51,431 - INFO - 本地已存在基金 018986 数据，共 429 行，最新日期为: 2025-09-17
2025-09-18 14:01:51,431 - INFO - 基金 018986 的本地数据已是最新 (2025-09-17, 期望: 2025-09-17) 且数据量足够 (429 行)，直接加载。
2025-09-18 14:01:51,437 - INFO - 本地已存在基金 018994 数据，共 446 行，最新日期为: 2025-09-17
2025-09-18 14:01:51,437 - INFO - 基金 018994 的本地数据已是最新 (2025-09-17, 期望: 2025-09-17) 且数据量足够 (446 行)，直接加载。
2025-09-18 14:01:51,443 - INFO - 本地已存在基金 019018 数据，共 470 行，最新日期为: 2025-09-17
2025-09-18 14:01:51,443 - INFO - 基金 019018 的本地数据已是最新 (2025-09-17, 期望: 2025-09-17) 且数据量足够 (470 行)，直接加载。
2025-09-18 14:01:51,449 - INFO - 本地已存在基金 019024 数据，共 450 行，最新日期为: 2025-09-17
2025-09-18 14:01:51,450 - INFO - 基金 019024 的本地数据已是最新 (2025-09-17, 期望: 2025-09-17) 且数据量足够 (450 行)，直接加载。
2025-09-18 14:01:51,456 - INFO - 本地已存在基金 019053 数据，共 510 行，最新日期为: 2025-09-17
2025-09-18 14:01:51,456 - INFO - 基金 019053 的本地数据已是最新 (2025-09-17, 期望: 2025-09-17) 且数据量足够 (510 行)，直接加载。
2025-09-18 14:01:51,462 - INFO - 本地已存在基金 019170 数据，共 482 行，最新日期为: 2025-09-17
2025-09-18 14:01:51,462 - INFO - 基金 019170 的本地数据已是最新 (2025-09-17, 期望: 2025-09-17) 且数据量足够 (482 行)，直接加载。
2025-09-18 14:01:51,468 - INFO - 本地已存在基金 019190 数据，共 345 行，最新日期为: 2025-09-17
2025-09-18 14:01:51,468 - INFO - 基金 019190 的本地数据已是最新 (2025-09-17, 期望: 2025-09-17) 且数据量足够 (345 行)，直接加载。
2025-09-18 14:01:51,474 - INFO - 本地已存在基金 019213 数据，共 494 行，最新日期为: 2025-09-17
2025-09-18 14:01:51,474 - INFO - 基金 019213 的本地数据已是最新 (2025-09-17, 期望: 2025-09-17) 且数据量足够 (494 行)，直接加载。
2025-09-18 14:01:51,480 - INFO - 本地已存在基金 019331 数据，共 488 行，最新日期为: 2025-09-17
2025-09-18 14:01:51,481 - INFO - 基金 019331 的本地数据已是最新 (2025-09-17, 期望: 2025-09-17) 且数据量足够 (488 行)，直接加载。
2025-09-18 14:01:51,487 - INFO - 本地已存在基金 019348 数据，共 325 行，最新日期为: 2025-09-17
2025-09-18 14:01:51,487 - INFO - 基金 019348 的本地数据已是最新 (2025-09-17, 期望: 2025-09-17) 且数据量足够 (325 行)，直接加载。
2025-09-18 14:01:51,493 - INFO - 本地已存在基金 019416 数据，共 449 行，最新日期为: 2025-09-17
2025-09-18 14:01:51,493 - INFO - 基金 019416 的本地数据已是最新 (2025-09-17, 期望: 2025-09-17) 且数据量足够 (449 行)，直接加载。
2025-09-18 14:01:51,499 - INFO - 本地已存在基金 019458 数据，共 450 行，最新日期为: 2025-09-17
2025-09-18 14:01:51,499 - INFO - 基金 019458 的本地数据已是最新 (2025-09-17, 期望: 2025-09-17) 且数据量足够 (450 行)，直接加载。
2025-09-18 14:01:51,505 - INFO - 本地已存在基金 019514 数据，共 488 行，最新日期为: 2025-09-17
2025-09-18 14:01:51,505 - INFO - 基金 019514 的本地数据已是最新 (2025-09-17, 期望: 2025-09-17) 且数据量足够 (488 行)，直接加载。
2025-09-18 14:01:51,511 - INFO - 本地已存在基金 019671 数据，共 460 行，最新日期为: 2025-09-17
2025-09-18 14:01:51,512 - INFO - 基金 019671 的本地数据已是最新 (2025-09-17, 期望: 2025-09-17) 且数据量足够 (460 行)，直接加载。
2025-09-18 14:01:51,518 - INFO - 本地已存在基金 019703 数据，共 410 行，最新日期为: 2025-09-17
2025-09-18 14:01:51,518 - INFO - 基金 019703 的本地数据已是最新 (2025-09-17, 期望: 2025-09-17) 且数据量足够 (410 行)，直接加载。
2025-09-18 14:01:51,524 - INFO - 本地已存在基金 019786 数据，共 448 行，最新日期为: 2025-09-17
2025-09-18 14:01:51,524 - INFO - 基金 019786 的本地数据已是最新 (2025-09-17, 期望: 2025-09-17) 且数据量足够 (448 行)，直接加载。
2025-09-18 14:01:51,530 - INFO - 本地已存在基金 019830 数据，共 349 行，最新日期为: 2025-09-17
2025-09-18 14:01:51,530 - INFO - 基金 019830 的本地数据已是最新 (2025-09-17, 期望: 2025-09-17) 且数据量足够 (349 行)，直接加载。
2025-09-18 14:01:51,536 - INFO - 本地已存在基金 019865 数据，共 337 行，最新日期为: 2025-09-17
2025-09-18 14:01:51,537 - INFO - 基金 019865 的本地数据已是最新 (2025-09-17, 期望: 2025-09-17) 且数据量足够 (337 行)，直接加载。
2025-09-18 14:01:51,543 - INFO - 本地已存在基金 019924 数据，共 374 行，最新日期为: 2025-09-17
2025-09-18 14:01:51,543 - INFO - 基金 019924 的本地数据已是最新 (2025-09-17, 期望: 2025-09-17) 且数据量足够 (374 行)，直接加载。
2025-09-18 14:01:51,549 - INFO - 本地已存在基金 019994 数据，共 416 行，最新日期为: 2025-09-17
2025-09-18 14:01:51,550 - INFO - 基金 019994 的本地数据已是最新 (2025-09-17, 期望: 2025-09-17) 且数据量足够 (416 行)，直接加载。
2025-09-18 14:01:51,556 - INFO - 本地已存在基金 020227 数据，共 435 行，最新日期为: 2025-09-17
2025-09-18 14:01:51,556 - INFO - 基金 020227 的本地数据已是最新 (2025-09-17, 期望: 2025-09-17) 且数据量足够 (435 行)，直接加载。
2025-09-18 14:01:51,562 - INFO - 本地已存在基金 020398 数据，共 416 行，最新日期为: 2025-09-17
2025-09-18 14:01:51,562 - INFO - 基金 020398 的本地数据已是最新 (2025-09-17, 期望: 2025-09-17) 且数据量足够 (416 行)，直接加载。
2025-09-18 14:01:51,568 - INFO - 本地已存在基金 020477 数据，共 320 行，最新日期为: 2025-09-17
2025-09-18 14:01:51,568 - INFO - 基金 020477 的本地数据已是最新 (2025-09-17, 期望: 2025-09-17) 且数据量足够 (320 行)，直接加载。
2025-09-18 14:01:51,574 - INFO - 本地已存在基金 020592 数据，共 405 行，最新日期为: 2025-09-17
2025-09-18 14:01:51,575 - INFO - 基金 020592 的本地数据已是最新 (2025-09-17, 期望: 2025-09-17) 且数据量足够 (405 行)，直接加载。
2025-09-18 14:01:51,581 - INFO - 本地已存在基金 020629 数据，共 368 行，最新日期为: 2025-09-17
2025-09-18 14:01:51,581 - INFO - 基金 020629 的本地数据已是最新 (2025-09-17, 期望: 2025-09-17) 且数据量足够 (368 行)，直接加载。
2025-09-18 14:01:51,589 - INFO - 本地已存在基金 020635 数据，共 373 行，最新日期为: 2025-09-17
2025-09-18 14:01:51,589 - INFO - 基金 020635 的本地数据已是最新 (2025-09-17, 期望: 2025-09-17) 且数据量足够 (373 行)，直接加载。
2025-09-18 14:01:51,597 - INFO - 本地已存在基金 020662 数据，共 369 行，最新日期为: 2025-09-17
2025-09-18 14:01:51,597 - INFO - 基金 020662 的本地数据已是最新 (2025-09-17, 期望: 2025-09-17) 且数据量足够 (369 行)，直接加载。
2025-09-18 14:01:51,603 - INFO - 本地已存在基金 020671 数据，共 392 行，最新日期为: 2025-09-17
2025-09-18 14:01:51,603 - INFO - 基金 020671 的本地数据已是最新 (2025-09-17, 期望: 2025-09-17) 且数据量足够 (392 行)，直接加载。
2025-09-18 14:01:51,610 - INFO - 本地已存在基金 020692 数据，共 329 行，最新日期为: 2025-09-17
2025-09-18 14:01:51,610 - INFO - 基金 020692 的本地数据已是最新 (2025-09-17, 期望: 2025-09-17) 且数据量足够 (329 行)，直接加载。
2025-09-18 14:01:51,616 - INFO - 本地已存在基金 020829 数据，共 298 行，最新日期为: 2025-09-17
2025-09-18 14:01:51,616 - INFO - 基金 020829 的本地数据已是最新 (2025-09-17, 期望: 2025-09-17) 且数据量足够 (298 行)，直接加载。
2025-09-18 14:01:51,622 - INFO - 本地已存在基金 020900 数据，共 350 行，最新日期为: 2025-09-17
2025-09-18 14:01:51,622 - INFO - 基金 020900 的本地数据已是最新 (2025-09-17, 期望: 2025-09-17) 且数据量足够 (350 行)，直接加载。
2025-09-18 14:01:51,628 - INFO - 本地已存在基金 021031 数据，共 343 行，最新日期为: 2025-09-17
2025-09-18 14:01:51,628 - INFO - 基金 021031 的本地数据已是最新 (2025-09-17, 期望: 2025-09-17) 且数据量足够 (343 行)，直接加载。
2025-09-18 14:01:51,634 - INFO - 本地已存在基金 021091 数据，共 248 行，最新日期为: 2025-09-17
2025-09-18 14:01:51,634 - INFO - 基金 021091 的本地数据已是最新 (2025-09-17, 期望: 2025-09-17) 且数据量足够 (248 行)，直接加载。
2025-09-18 14:01:51,640 - INFO - 本地已存在基金 021173 数据，共 252 行，最新日期为: 2025-09-17
2025-09-18 14:01:51,640 - INFO - 基金 021173 的本地数据已是最新 (2025-09-17, 期望: 2025-09-17) 且数据量足够 (252 行)，直接加载。
2025-09-18 14:01:51,646 - INFO - 本地已存在基金 021225 数据，共 251 行，最新日期为: 2025-09-17
2025-09-18 14:01:51,646 - INFO - 基金 021225 的本地数据已是最新 (2025-09-17, 期望: 2025-09-17) 且数据量足够 (251 行)，直接加载。
2025-09-18 14:01:51,652 - INFO - 本地已存在基金 021299 数据，共 335 行，最新日期为: 2025-09-17
2025-09-18 14:01:51,653 - INFO - 基金 021299 的本地数据已是最新 (2025-09-17, 期望: 2025-09-17) 且数据量足够 (335 行)，直接加载。
2025-09-18 14:01:51,659 - INFO - 本地已存在基金 021475 数据，共 312 行，最新日期为: 2025-09-17
2025-09-18 14:01:51,659 - INFO - 基金 021475 的本地数据已是最新 (2025-09-17, 期望: 2025-09-17) 且数据量足够 (312 行)，直接加载。
2025-09-18 14:01:51,665 - INFO - 本地已存在基金 021490 数据，共 307 行，最新日期为: 2025-09-17
2025-09-18 14:01:51,665 - INFO - 基金 021490 的本地数据已是最新 (2025-09-17, 期望: 2025-09-17) 且数据量足够 (307 行)，直接加载。
2025-09-18 14:01:51,671 - INFO - 本地已存在基金 021500 数据，共 331 行，最新日期为: 2025-09-17
2025-09-18 14:01:51,671 - INFO - 基金 021500 的本地数据已是最新 (2025-09-17, 期望: 2025-09-17) 且数据量足够 (331 行)，直接加载。
2025-09-18 14:01:51,677 - INFO - 本地已存在基金 021523 数据，共 323 行，最新日期为: 2025-09-17
2025-09-18 14:01:51,677 - INFO - 基金 021523 的本地数据已是最新 (2025-09-17, 期望: 2025-09-17) 且数据量足够 (323 行)，直接加载。
2025-09-18 14:01:51,683 - INFO - 本地已存在基金 021528 数据，共 323 行，最新日期为: 2025-09-17
2025-09-18 14:01:51,683 - INFO - 基金 021528 的本地数据已是最新 (2025-09-17, 期望: 2025-09-17) 且数据量足够 (323 行)，直接加载。
2025-09-18 14:01:51,689 - INFO - 本地已存在基金 021608 数据，共 287 行，最新日期为: 2025-09-17
2025-09-18 14:01:51,689 - INFO - 基金 021608 的本地数据已是最新 (2025-09-17, 期望: 2025-09-17) 且数据量足够 (287 行)，直接加载。
2025-09-18 14:01:51,695 - INFO - 本地已存在基金 021934 数据，共 261 行，最新日期为: 2025-09-17
2025-09-18 14:01:51,695 - INFO - 基金 021934 的本地数据已是最新 (2025-09-17, 期望: 2025-09-17) 且数据量足够 (261 行)，直接加载。
2025-09-18 14:01:51,702 - INFO - 本地已存在基金 167507 数据，共 1394 行，最新日期为: 2025-09-17
2025-09-18 14:01:51,702 - INFO - 基金 167507 的本地数据已是最新 (2025-09-17, 期望: 2025-09-17) 且数据量足够 (1394 行)，直接加载。
2025-09-18 14:01:51,709 - INFO - 本地已存在基金 519771 数据，共 2250 行，最新日期为: 2025-09-17
2025-09-18 14:01:51,709 - INFO - 基金 519771 的本地数据已是最新 (2025-09-17, 期望: 2025-09-17) 且数据量足够 (2250 行)，直接加载。
2025-09-18 14:01:51,713 - INFO - 所有基金数据均来自本地缓存，无需网络下载。
2025-09-18 14:01:51,713 - INFO - 所有基金数据处理完成。
2025-09-18 14:01:51,713 - INFO - 正在生成市场监控报告...
2025-09-18 14:01:51,738 - INFO - 报告生成完成: market_monitor_report.md
2025-09-18 14:01:51,740 - INFO - 本地已存在基金 001407 数据，共 2510 行，最新日期为: 2025-09-17
2025-09-18 14:01:51,989 - INFO - 基金 001407 回测结果: 累计回报=0.22, 最大回撤=-0.27, 夏普比率=1.00, 胜率=0.73, 年化收益率=0.02, 交易次数=63
2025-09-18 14:01:51,991 - INFO - 本地已存在基金 001724 数据，共 2478 行，最新日期为: 2025-09-17
2025-09-18 14:01:52,253 - INFO - 基金 001724 回测结果: 累计回报=-0.17, 最大回撤=-0.36, 夏普比率=0.59, 胜率=0.60, 年化收益率=-0.02, 交易次数=82
2025-09-18 14:01:52,255 - INFO - 本地已存在基金 002052 数据，共 2401 行，最新日期为: 2025-09-17
2025-09-18 14:01:52,515 - INFO - 基金 002052 回测结果: 累计回报=-0.27, 最大回撤=-0.54, 夏普比率=0.29, 胜率=0.64, 年化收益率=-0.03, 交易次数=86
2025-09-18 14:01:52,518 - INFO - 本地已存在基金 002112 数据，共 2403 行，最新日期为: 2025-09-17
2025-09-18 14:01:52,781 - INFO - 基金 002112 回测结果: 累计回报=0.08, 最大回撤=-0.37, 夏普比率=0.65, 胜率=0.56, 年化收益率=0.01, 交易次数=78
2025-09-18 14:01:52,783 - INFO - 本地已存在基金 002163 数据，共 2398 行，最新日期为: 2025-09-17
2025-09-18 14:01:53,043 - INFO - 基金 002163 回测结果: 累计回报=-0.25, 最大回撤=-0.78, 夏普比率=0.23, 胜率=0.57, 年化收益率=-0.03, 交易次数=93
2025-09-18 14:01:53,045 - INFO - 本地已存在基金 002170 数据，共 2395 行，最新日期为: 2025-09-17
2025-09-18 14:01:53,310 - INFO - 基金 002170 回测结果: 累计回报=0.08, 最大回撤=-0.40, 夏普比率=0.78, 胜率=0.49, 年化收益率=0.01, 交易次数=99
2025-09-18 14:01:53,313 - INFO - 本地已存在基金 002580 数据，共 2288 行，最新日期为: 2025-09-17
2025-09-18 14:01:53,569 - INFO - 基金 002580 回测结果: 累计回报=-0.29, 最大回撤=-0.69, 夏普比率=0.28, 胜率=0.43, 年化收益率=-0.04, 交易次数=110
2025-09-18 14:01:53,571 - INFO - 本地已存在基金 002771 数据，共 2266 行，最新日期为: 2025-09-17
2025-09-18 14:01:53,816 - INFO - 基金 002771 回测结果: 累计回报=0.72, 最大回撤=-0.53, 夏普比率=0.89, 胜率=0.59, 年化收益率=0.06, 交易次数=76
2025-09-18 14:01:53,818 - INFO - 本地已存在基金 005118 数据，共 1958 行，最新日期为: 2025-09-17
2025-09-18 14:01:54,040 - INFO - 基金 005118 回测结果: 累计回报=-0.23, 最大回撤=-0.50, 夏普比率=0.37, 胜率=0.43, 年化收益率=-0.03, 交易次数=95
2025-09-18 14:01:54,042 - INFO - 本地已存在基金 005312 数据，共 1842 行，最新日期为: 2025-09-17
2025-09-18 14:01:54,248 - INFO - 基金 005312 回测结果: 累计回报=-0.23, 最大回撤=-0.66, 夏普比率=0.50, 胜率=0.44, 年化收益率=-0.03, 交易次数=82
2025-09-18 14:01:54,250 - INFO - 本地已存在基金 005551 数据，共 1838 行，最新日期为: 2025-09-17
2025-09-18 14:01:54,456 - INFO - 基金 005551 回测结果: 累计回报=-0.27, 最大回撤=-0.64, 夏普比率=0.50, 胜率=0.41, 年化收益率=-0.04, 交易次数=82
2025-09-18 14:01:54,458 - INFO - 本地已存在基金 005959 数据，共 1743 行，最新日期为: 2025-09-17
2025-09-18 14:01:54,653 - INFO - 基金 005959 回测结果: 累计回报=0.60, 最大回撤=-0.35, 夏普比率=0.76, 胜率=0.57, 年化收益率=0.07, 交易次数=87
2025-09-18 14:01:54,655 - INFO - 本地已存在基金 005963 数据，共 1711 行，最新日期为: 2025-09-17
2025-09-18 14:01:54,846 - INFO - 基金 005963 回测结果: 累计回报=-0.22, 最大回撤=-0.57, 夏普比率=0.81, 胜率=0.48, 年化收益率=-0.03, 交易次数=72
2025-09-18 14:01:54,848 - INFO - 本地已存在基金 006503 数据，共 1613 行，最新日期为: 2025-09-17
2025-09-18 14:01:55,029 - INFO - 基金 006503 回测结果: 累计回报=-0.00, 最大回撤=-0.54, 夏普比率=0.71, 胜率=0.41, 年化收益率=-0.00, 交易次数=80
2025-09-18 14:01:55,032 - INFO - 本地已存在基金 006523 数据，共 1576 行，最新日期为: 2025-09-17
2025-09-18 14:01:55,208 - INFO - 基金 006523 回测结果: 累计回报=0.28, 最大回撤=-0.56, 夏普比率=0.61, 胜率=0.52, 年化收益率=0.04, 交易次数=83
2025-09-18 14:01:55,211 - INFO - 本地已存在基金 006888 数据，共 1563 行，最新日期为: 2025-09-17
2025-09-18 14:01:55,385 - INFO - 基金 006888 回测结果: 累计回报=0.24, 最大回撤=-0.62, 夏普比率=0.48, 胜率=0.45, 年化收益率=0.03, 交易次数=75
2025-09-18 14:01:55,387 - INFO - 本地已存在基金 007114 数据，共 1387 行，最新日期为: 2025-09-17
2025-09-18 14:01:55,544 - INFO - 基金 007114 回测结果: 累计回报=-0.14, 最大回撤=-0.63, 夏普比率=0.49, 胜率=0.44, 年化收益率=-0.03, 交易次数=70
2025-09-18 14:01:55,547 - INFO - 本地已存在基金 007356 数据，共 1508 行，最新日期为: 2025-09-17
2025-09-18 14:01:55,714 - INFO - 基金 007356 回测结果: 累计回报=0.32, 最大回撤=-0.48, 夏普比率=0.89, 胜率=0.56, 年化收益率=0.05, 交易次数=66
2025-09-18 14:01:55,716 - INFO - 本地已存在基金 007509 数据，共 1524 行，最新日期为: 2025-09-17
2025-09-18 14:01:55,886 - INFO - 基金 007509 回测结果: 累计回报=0.15, 最大回撤=-0.27, 夏普比率=1.24, 胜率=0.56, 年化收益率=0.02, 交易次数=59
2025-09-18 14:01:55,888 - INFO - 本地已存在基金 007771 数据，共 1458 行，最新日期为: 2025-09-17
2025-09-18 14:01:56,052 - INFO - 基金 007771 回测结果: 累计回报=-0.37, 最大回撤=-0.77, 夏普比率=0.20, 胜率=0.35, 年化收益率=-0.07, 交易次数=71
2025-09-18 14:01:56,054 - INFO - 本地已存在基金 007818 数据，共 1468 行，最新日期为: 2025-09-17
2025-09-18 14:01:56,219 - INFO - 基金 007818 回测结果: 累计回报=-0.02, 最大回撤=-0.44, 夏普比率=0.65, 胜率=0.45, 年化收益率=-0.00, 交易次数=67
2025-09-18 14:01:56,222 - INFO - 本地已存在基金 008021 数据，共 1316 行，最新日期为: 2025-09-17
2025-09-18 14:01:56,368 - INFO - 基金 008021 回测结果: 累计回报=-0.17, 最大回撤=-0.53, 夏普比率=0.37, 胜率=0.50, 年化收益率=-0.03, 交易次数=56
2025-09-18 14:01:56,370 - INFO - 本地已存在基金 008087 数据，共 1378 行，最新日期为: 2025-09-17
2025-09-18 14:01:56,524 - INFO - 基金 008087 回测结果: 累计回报=0.22, 最大回撤=-0.51, 夏普比率=0.54, 胜率=0.50, 年化收益率=0.03, 交易次数=62
2025-09-18 14:01:56,526 - INFO - 本地已存在基金 008327 数据，共 1375 行，最新日期为: 2025-09-17
2025-09-18 14:01:56,681 - INFO - 基金 008327 回测结果: 累计回报=0.08, 最大回撤=-0.42, 夏普比率=0.68, 胜率=0.47, 年化收益率=0.01, 交易次数=74
2025-09-18 14:01:56,683 - INFO - 本地已存在基金 008586 数据，共 1270 行，最新日期为: 2025-09-17
2025-09-18 14:01:56,825 - INFO - 基金 008586 回测结果: 累计回报=-0.20, 最大回撤=-0.46, 夏普比率=0.34, 胜率=0.47, 年化收益率=-0.04, 交易次数=51
2025-09-18 14:01:56,827 - INFO - 本地已存在基金 008843 数据，共 1194 行，最新日期为: 2025-09-17
2025-09-18 14:01:56,964 - INFO - 基金 008843 回测结果: 累计回报=-0.45, 最大回撤=-0.67, 夏普比率=0.05, 胜率=0.39, 年化收益率=-0.11, 交易次数=68
2025-09-18 14:01:56,966 - INFO - 本地已存在基金 008989 数据，共 1302 行，最新日期为: 2025-09-17
2025-09-18 14:01:57,112 - INFO - 基金 008989 回测结果: 累计回报=0.06, 最大回撤=-0.49, 夏普比率=0.81, 胜率=0.52, 年化收益率=0.01, 交易次数=58
2025-09-18 14:01:57,115 - INFO - 本地已存在基金 009009 数据，共 1302 行，最新日期为: 2025-09-17
2025-09-18 14:01:57,262 - INFO - 基金 009009 回测结果: 累计回报=-0.06, 最大回撤=-0.61, 夏普比率=0.66, 胜率=0.45, 年化收益率=-0.01, 交易次数=66
2025-09-18 14:01:57,264 - INFO - 本地已存在基金 009063 数据，共 1286 行，最新日期为: 2025-09-17
2025-09-18 14:01:57,410 - INFO - 基金 009063 回测结果: 累计回报=0.40, 最大回撤=-0.60, 夏普比率=0.57, 胜率=0.48, 年化收益率=0.06, 交易次数=64
2025-09-18 14:01:57,412 - INFO - 本地已存在基金 009239 数据，共 1331 行，最新日期为: 2025-09-17
2025-09-18 14:01:57,560 - INFO - 基金 009239 回测结果: 累计回报=-0.04, 最大回撤=-0.47, 夏普比率=0.53, 胜率=0.48, 年化收益率=-0.01, 交易次数=50
2025-09-18 14:01:57,562 - INFO - 本地已存在基金 009492 数据，共 1218 行，最新日期为: 2025-09-17
2025-09-18 14:01:57,699 - INFO - 基金 009492 回测结果: 累计回报=0.14, 最大回撤=-0.55, 夏普比率=0.53, 胜率=0.52, 年化收益率=0.03, 交易次数=53
2025-09-18 14:01:57,702 - INFO - 本地已存在基金 009645 数据，共 1227 行，最新日期为: 2025-09-17
2025-09-18 14:01:57,842 - INFO - 基金 009645 回测结果: 累计回报=-0.46, 最大回撤=-0.67, 夏普比率=0.57, 胜率=0.33, 年化收益率=-0.11, 交易次数=60
2025-09-18 14:01:57,844 - INFO - 本地已存在基金 009708 数据，共 1220 行，最新日期为: 2025-09-17
2025-09-18 14:01:57,981 - INFO - 基金 009708 回测结果: 累计回报=0.05, 最大回撤=-0.41, 夏普比率=0.94, 胜率=0.53, 年化收益率=0.01, 交易次数=54
2025-09-18 14:01:57,983 - INFO - 本地已存在基金 009856 数据，共 1206 行，最新日期为: 2025-09-17
2025-09-18 14:01:58,119 - INFO - 基金 009856 回测结果: 累计回报=-0.09, 最大回撤=-0.58, 夏普比率=0.55, 胜率=0.44, 年化收益率=-0.02, 交易次数=59
2025-09-18 14:01:58,121 - INFO - 本地已存在基金 010034 数据，共 1164 行，最新日期为: 2025-09-17
2025-09-18 14:01:58,251 - INFO - 基金 010034 回测结果: 累计回报=-0.16, 最大回撤=-0.53, 夏普比率=0.47, 胜率=0.42, 年化收益率=-0.04, 交易次数=56
2025-09-18 14:01:58,253 - INFO - 本地已存在基金 010052 数据，共 1023 行，最新日期为: 2025-09-17
2025-09-18 14:01:58,368 - INFO - 基金 010052 回测结果: 累计回报=-0.27, 最大回撤=-0.64, 夏普比率=0.21, 胜率=0.41, 年化收益率=-0.07, 交易次数=51
2025-09-18 14:01:58,370 - INFO - 本地已存在基金 010238 数据，共 1141 行，最新日期为: 2025-09-17
2025-09-18 14:01:58,500 - INFO - 基金 010238 回测结果: 累计回报=-0.52, 最大回撤=-0.72, 夏普比率=0.24, 胜率=0.37, 年化收益率=-0.14, 交易次数=69
2025-09-18 14:01:58,502 - INFO - 本地已存在基金 010392 数据，共 1106 行，最新日期为: 2025-09-17
2025-09-18 14:01:58,627 - INFO - 基金 010392 回测结果: 累计回报=-0.20, 最大回撤=-0.54, 夏普比率=0.48, 胜率=0.41, 年化收益率=-0.05, 交易次数=57
2025-09-18 14:01:58,629 - INFO - 本地已存在基金 010416 数据，共 1044 行，最新日期为: 2025-09-17
2025-09-18 14:01:58,748 - INFO - 基金 010416 回测结果: 累计回报=0.08, 最大回撤=-0.64, 夏普比率=0.24, 胜率=0.40, 年化收益率=0.02, 交易次数=64
2025-09-18 14:01:58,750 - INFO - 本地已存在基金 010422 数据，共 1036 行，最新日期为: 2025-09-17
2025-09-18 14:01:58,866 - INFO - 基金 010422 回测结果: 累计回报=0.03, 最大回撤=-0.46, 夏普比率=0.49, 胜率=0.50, 年化收益率=0.01, 交易次数=36
2025-09-18 14:01:58,868 - INFO - 本地已存在基金 010524 数据，共 1146 行，最新日期为: 2025-09-17
2025-09-18 14:01:58,995 - INFO - 基金 010524 回测结果: 累计回报=0.24, 最大回撤=-0.43, 夏普比率=0.50, 胜率=0.55, 年化收益率=0.05, 交易次数=47
2025-09-18 14:01:58,998 - INFO - 本地已存在基金 010531 数据，共 1183 行，最新日期为: 2025-09-17
2025-09-18 14:01:59,130 - INFO - 基金 010531 回测结果: 累计回报=0.14, 最大回撤=-0.49, 夏普比率=0.45, 胜率=0.47, 年化收益率=0.03, 交易次数=53
2025-09-18 14:01:59,132 - INFO - 本地已存在基金 010647 数据，共 1058 行，最新日期为: 2025-09-17
2025-09-18 14:01:59,251 - INFO - 基金 010647 回测结果: 累计回报=-0.10, 最大回撤=-0.58, 夏普比率=0.32, 胜率=0.51, 年化收益率=-0.02, 交易次数=44
2025-09-18 14:01:59,253 - INFO - 本地已存在基金 011020 数据，共 1155 行，最新日期为: 2025-09-17
2025-09-18 14:01:59,383 - INFO - 基金 011020 回测结果: 累计回报=-0.34, 最大回撤=-0.65, 夏普比率=0.18, 胜率=0.33, 年化收益率=-0.09, 交易次数=61
2025-09-18 14:01:59,385 - INFO - 本地已存在基金 011036 数据，共 1003 行，最新日期为: 2025-09-17
2025-09-18 14:01:59,499 - INFO - 基金 011036 回测结果: 累计回报=-0.57, 最大回撤=-0.56, 夏普比率=0.31, 胜率=0.33, 年化收益率=-0.19, 交易次数=56
2025-09-18 14:01:59,501 - INFO - 本地已存在基金 011120 数据，共 1150 行，最新日期为: 2025-09-17
2025-09-18 14:01:59,630 - INFO - 基金 011120 回测结果: 累计回报=-0.41, 最大回撤=-0.68, 夏普比率=0.08, 胜率=0.39, 年化收益率=-0.11, 交易次数=56
2025-09-18 14:01:59,632 - INFO - 本地已存在基金 011145 数据，共 1046 行，最新日期为: 2025-09-17
2025-09-18 14:01:59,748 - INFO - 基金 011145 回测结果: 累计回报=0.13, 最大回撤=-0.49, 夏普比率=0.68, 胜率=0.53, 年化收益率=0.03, 交易次数=43
2025-09-18 14:01:59,750 - INFO - 本地已存在基金 011197 数据，共 1012 行，最新日期为: 2025-09-17
2025-09-18 14:01:59,865 - INFO - 基金 011197 回测结果: 累计回报=-0.33, 最大回撤=-0.64, 夏普比率=-0.00, 胜率=0.41, 年化收益率=-0.09, 交易次数=46
2025-09-18 14:01:59,867 - INFO - 本地已存在基金 011223 数据，共 1101 行，最新日期为: 2025-09-17
2025-09-18 14:01:59,990 - INFO - 基金 011223 回测结果: 累计回报=-0.06, 最大回撤=-0.61, 夏普比率=0.56, 胜率=0.52, 年化收益率=-0.01, 交易次数=51
2025-09-18 14:01:59,992 - INFO - 本地已存在基金 011270 数据，共 978 行，最新日期为: 2025-09-17
2025-09-18 14:02:00,105 - INFO - 基金 011270 回测结果: 累计回报=-0.40, 最大回撤=-0.55, 夏普比率=0.40, 胜率=0.40, 年化收益率=-0.11, 交易次数=53
2025-09-18 14:02:00,107 - INFO - 本地已存在基金 011306 数据，共 1136 行，最新日期为: 2025-09-17
2025-09-18 14:02:00,234 - INFO - 基金 011306 回测结果: 累计回报=0.03, 最大回撤=-0.57, 夏普比率=0.31, 胜率=0.52, 年化收益率=0.01, 交易次数=47
2025-09-18 14:02:00,236 - INFO - 本地已存在基金 011370 数据，共 1053 行，最新日期为: 2025-09-17
2025-09-18 14:02:00,353 - INFO - 基金 011370 回测结果: 累计回报=-0.01, 最大回撤=-0.57, 夏普比率=0.57, 胜率=0.51, 年化收益率=-0.00, 交易次数=40
2025-09-18 14:02:00,355 - INFO - 本地已存在基金 011372 数据，共 999 行，最新日期为: 2025-09-17
2025-09-18 14:02:00,468 - INFO - 基金 011372 回测结果: 累计回报=-0.39, 最大回撤=-0.70, 夏普比率=-0.18, 胜率=0.42, 年化收益率=-0.11, 交易次数=46
2025-09-18 14:02:00,470 - INFO - 本地已存在基金 011412 数据，共 1085 行，最新日期为: 2025-09-17
2025-09-18 14:02:00,593 - INFO - 基金 011412 回测结果: 累计回报=0.33, 最大回撤=-0.40, 夏普比率=0.59, 胜率=0.47, 年化收益率=0.07, 交易次数=58
2025-09-18 14:02:00,595 - INFO - 本地已存在基金 011452 数据，共 1117 行，最新日期为: 2025-09-17
2025-09-18 14:02:00,722 - INFO - 基金 011452 回测结果: 累计回报=0.04, 最大回撤=-0.67, 夏普比率=0.08, 胜率=0.42, 年化收益率=0.01, 交易次数=65
2025-09-18 14:02:00,724 - INFO - 本地已存在基金 011487 数据，共 1058 行，最新日期为: 2025-09-17
2025-09-18 14:02:00,842 - INFO - 基金 011487 回测结果: 累计回报=-0.33, 最大回撤=-0.61, 夏普比率=0.17, 胜率=0.43, 年化收益率=-0.09, 交易次数=51
2025-09-18 14:02:00,845 - INFO - 本地已存在基金 011833 数据，共 1042 行，最新日期为: 2025-09-17
2025-09-18 14:02:00,960 - INFO - 基金 011833 回测结果: 累计回报=-0.21, 最大回撤=-0.48, 夏普比率=0.44, 胜率=0.46, 年化收益率=-0.05, 交易次数=39
2025-09-18 14:02:00,962 - INFO - 本地已存在基金 011840 数据，共 993 行，最新日期为: 2025-09-17
2025-09-18 14:02:01,072 - INFO - 基金 011840 回测结果: 累计回报=-0.10, 最大回撤=-0.43, 夏普比率=0.47, 胜率=0.49, 年化收益率=-0.02, 交易次数=35
2025-09-18 14:02:01,074 - INFO - 本地已存在基金 011892 数据，共 927 行，最新日期为: 2025-09-17
2025-09-18 14:02:01,180 - INFO - 基金 011892 回测结果: 累计回报=0.20, 最大回撤=-0.41, 夏普比率=0.73, 胜率=0.44, 年化收益率=0.05, 交易次数=52
2025-09-18 14:02:01,182 - INFO - 本地已存在基金 012083 数据，共 750 行，最新日期为: 2025-09-17
2025-09-18 14:02:01,267 - INFO - 基金 012083 回测结果: 累计回报=-0.03, 最大回撤=-0.57, 夏普比率=0.36, 胜率=0.53, 年化收益率=-0.01, 交易次数=32
2025-09-18 14:02:01,269 - INFO - 本地已存在基金 012224 数据，共 945 行，最新日期为: 2025-09-17
2025-09-18 14:02:01,377 - INFO - 基金 012224 回测结果: 累计回报=-0.35, 最大回撤=-0.66, 夏普比率=-0.01, 胜率=0.32, 年化收益率=-0.10, 交易次数=66
2025-09-18 14:02:01,379 - INFO - 本地已存在基金 012322 数据，共 973 行，最新日期为: 2025-09-17
2025-09-18 14:02:01,488 - INFO - 基金 012322 回测结果: 累计回报=-0.27, 最大回撤=-0.48, 夏普比率=0.49, 胜率=0.41, 年化收益率=-0.07, 交易次数=42
2025-09-18 14:02:01,491 - INFO - 本地已存在基金 012457 数据，共 969 行，最新日期为: 2025-09-17
2025-09-18 14:02:01,600 - INFO - 基金 012457 回测结果: 累计回报=-0.50, 最大回撤=-0.61, 夏普比率=0.09, 胜率=0.34, 年化收益率=-0.16, 交易次数=50
2025-09-18 14:02:01,602 - INFO - 本地已存在基金 012478 数据，共 950 行，最新日期为: 2025-09-17
2025-09-18 14:02:01,710 - INFO - 基金 012478 回测结果: 累计回报=-0.25, 最大回撤=-0.46, 夏普比率=0.42, 胜率=0.42, 年化收益率=-0.07, 交易次数=43
2025-09-18 14:02:01,712 - INFO - 本地已存在基金 012536 数据，共 951 行，最新日期为: 2025-09-17
2025-09-18 14:02:01,819 - INFO - 基金 012536 回测结果: 累计回报=-0.20, 最大回撤=-0.62, 夏普比率=0.04, 胜率=0.40, 年化收益率=-0.05, 交易次数=46
2025-09-18 14:02:01,821 - INFO - 本地已存在基金 012617 数据，共 1043 行，最新日期为: 2025-09-17
2025-09-18 14:02:01,939 - INFO - 基金 012617 回测结果: 累计回报=-0.26, 最大回撤=-0.77, 夏普比率=0.06, 胜率=0.34, 年化收益率=-0.07, 交易次数=58
2025-09-18 14:02:01,941 - INFO - 本地已存在基金 012651 数据，共 971 行，最新日期为: 2025-09-17
2025-09-18 14:02:02,052 - INFO - 基金 012651 回测结果: 累计回报=-0.19, 最大回撤=-0.54, 夏普比率=0.30, 胜率=0.43, 年化收益率=-0.05, 交易次数=57
2025-09-18 14:02:02,054 - INFO - 本地已存在基金 012697 数据，共 967 行，最新日期为: 2025-09-17
2025-09-18 14:02:02,167 - INFO - 基金 012697 回测结果: 累计回报=-0.23, 最大回撤=-0.58, 夏普比率=0.25, 胜率=0.40, 年化收益率=-0.06, 交易次数=53
2025-09-18 14:02:02,170 - INFO - 本地已存在基金 012734 数据，共 862 行，最新日期为: 2025-09-17
2025-09-18 14:02:02,271 - INFO - 基金 012734 回测结果: 累计回报=-0.16, 最大回撤=-0.43, 夏普比率=0.65, 胜率=0.50, 年化收益率=-0.05, 交易次数=28
2025-09-18 14:02:02,273 - INFO - 本地已存在基金 012800 数据，共 1021 行，最新日期为: 2025-09-17
2025-09-18 14:02:02,389 - INFO - 基金 012800 回测结果: 累计回报=-0.12, 最大回撤=-0.62, 夏普比率=0.31, 胜率=0.40, 年化收益率=-0.03, 交易次数=61
2025-09-18 14:02:02,391 - INFO - 本地已存在基金 013153 数据，共 998 行，最新日期为: 2025-09-17
2025-09-18 14:02:02,504 - INFO - 基金 013153 回测结果: 累计回报=-0.35, 最大回撤=-0.57, 夏普比率=0.24, 胜率=0.40, 年化收益率=-0.10, 交易次数=48
2025-09-18 14:02:02,506 - INFO - 本地已存在基金 013239 数据，共 887 行，最新日期为: 2025-09-17
2025-09-18 14:02:02,607 - INFO - 基金 013239 回测结果: 累计回报=-0.25, 最大回撤=-0.45, 夏普比率=0.50, 胜率=0.36, 年化收益率=-0.07, 交易次数=39
2025-09-18 14:02:02,609 - INFO - 本地已存在基金 013370 数据，共 833 行，最新日期为: 2025-09-17
2025-09-18 14:02:02,704 - INFO - 基金 013370 回测结果: 累计回报=-0.16, 最大回撤=-0.45, 夏普比率=0.64, 胜率=0.42, 年化收益率=-0.05, 交易次数=40
2025-09-18 14:02:02,706 - INFO - 本地已存在基金 013722 数据，共 895 行，最新日期为: 2025-09-17
2025-09-18 14:02:02,808 - INFO - 基金 013722 回测结果: 累计回报=-0.16, 最大回撤=-0.49, 夏普比率=0.57, 胜率=0.41, 年化收益率=-0.04, 交易次数=44
2025-09-18 14:02:02,810 - INFO - 本地已存在基金 014037 数据，共 879 行，最新日期为: 2025-09-17
2025-09-18 14:02:02,910 - INFO - 基金 014037 回测结果: 累计回报=-0.19, 最大回撤=-0.50, 夏普比率=0.34, 胜率=0.45, 年化收益率=-0.05, 交易次数=38
2025-09-18 14:02:02,912 - INFO - 本地已存在基金 014130 数据，共 927 行，最新日期为: 2025-09-17
2025-09-18 14:02:03,016 - INFO - 基金 014130 回测结果: 累计回报=-0.23, 最大回撤=-0.49, 夏普比率=0.53, 胜率=0.38, 年化收益率=-0.07, 交易次数=46
2025-09-18 14:02:03,018 - INFO - 本地已存在基金 014143 数据，共 933 行，最新日期为: 2025-09-17
2025-09-18 14:02:03,125 - INFO - 基金 014143 回测结果: 累计回报=-0.23, 最大回撤=-0.61, 夏普比率=0.19, 胜率=0.33, 年化收益率=-0.07, 交易次数=57
2025-09-18 14:02:03,127 - INFO - 本地已存在基金 014243 数据，共 920 行，最新日期为: 2025-09-17
2025-09-18 14:02:03,232 - INFO - 基金 014243 回测结果: 累计回报=-0.41, 最大回撤=-0.48, 夏普比率=0.37, 胜率=0.35, 年化收益率=-0.13, 交易次数=53
2025-09-18 14:02:03,234 - INFO - 本地已存在基金 014262 数据，共 867 行，最新日期为: 2025-09-17
2025-09-18 14:02:03,335 - INFO - 基金 014262 回测结果: 累计回报=-0.22, 最大回撤=-0.49, 夏普比率=0.47, 胜率=0.43, 年化收益率=-0.06, 交易次数=52
2025-09-18 14:02:03,337 - INFO - 本地已存在基金 014318 数据，共 775 行，最新日期为: 2025-09-17
2025-09-18 14:02:03,425 - INFO - 基金 014318 回测结果: 累计回报=-0.08, 最大回撤=-0.31, 夏普比率=1.08, 胜率=0.42, 年化收益率=-0.03, 交易次数=36
2025-09-18 14:02:03,427 - INFO - 本地已存在基金 014320 数据，共 902 行，最新日期为: 2025-09-17
2025-09-18 14:02:03,529 - INFO - 基金 014320 回测结果: 累计回报=-0.12, 最大回撤=-0.46, 夏普比率=0.62, 胜率=0.42, 年化收益率=-0.03, 交易次数=45
2025-09-18 14:02:03,531 - INFO - 本地已存在基金 014332 数据，共 915 行，最新日期为: 2025-09-17
2025-09-18 14:02:03,636 - INFO - 基金 014332 回测结果: 累计回报=-0.49, 最大回撤=-0.50, 夏普比率=0.29, 胜率=0.35, 年化收益率=-0.16, 交易次数=46
2025-09-18 14:02:03,638 - INFO - 本地已存在基金 014417 数据，共 862 行，最新日期为: 2025-09-17
2025-09-18 14:02:03,736 - INFO - 基金 014417 回测结果: 累计回报=-0.15, 最大回撤=-0.48, 夏普比率=0.39, 胜率=0.45, 年化收益率=-0.04, 交易次数=40
2025-09-18 14:02:03,738 - INFO - 本地已存在基金 014419 数据，共 908 行，最新日期为: 2025-09-17
2025-09-18 14:02:03,842 - INFO - 基金 014419 回测结果: 累计回报=-0.17, 最大回撤=-0.55, 夏普比率=0.25, 胜率=0.41, 年化收益率=-0.05, 交易次数=52
2025-09-18 14:02:03,844 - INFO - 本地已存在基金 014544 数据，共 898 行，最新日期为: 2025-09-17
2025-09-18 14:02:03,946 - INFO - 基金 014544 回测结果: 累计回报=-0.24, 最大回撤=-0.46, 夏普比率=0.62, 胜率=0.43, 年化收益率=-0.07, 交易次数=44
2025-09-18 14:02:03,948 - INFO - 本地已存在基金 014581 数据，共 910 行，最新日期为: 2025-09-17
2025-09-18 14:02:04,052 - INFO - 基金 014581 回测结果: 累计回报=-0.10, 最大回撤=-0.64, 夏普比率=0.16, 胜率=0.40, 年化收益率=-0.03, 交易次数=50
2025-09-18 14:02:04,054 - INFO - 本地已存在基金 014601 数据，共 839 行，最新日期为: 2025-09-17
2025-09-18 14:02:04,150 - INFO - 基金 014601 回测结果: 累计回报=-0.07, 最大回撤=-0.48, 夏普比率=0.52, 胜率=0.47, 年化收益率=-0.02, 交易次数=40
2025-09-18 14:02:04,152 - INFO - 本地已存在基金 014642 数据，共 909 行，最新日期为: 2025-09-17
2025-09-18 14:02:04,256 - INFO - 基金 014642 回测结果: 累计回报=-0.30, 最大回撤=-0.50, 夏普比率=0.30, 胜率=0.44, 年化收益率=-0.09, 交易次数=53
2025-09-18 14:02:04,258 - INFO - 本地已存在基金 014728 数据，共 841 行，最新日期为: 2025-09-17
2025-09-18 14:02:04,355 - INFO - 基金 014728 回测结果: 累计回报=-0.17, 最大回撤=-0.40, 夏普比率=0.96, 胜率=0.50, 年化收益率=-0.05, 交易次数=41
2025-09-18 14:02:04,357 - INFO - 本地已存在基金 014916 数据，共 835 行，最新日期为: 2025-09-17
2025-09-18 14:02:04,451 - INFO - 基金 014916 回测结果: 累计回报=0.08, 最大回撤=-0.53, 夏普比率=0.44, 胜率=0.40, 年化收益率=0.02, 交易次数=40
2025-09-18 14:02:04,453 - INFO - 本地已存在基金 014939 数据，共 849 行，最新日期为: 2025-09-17
2025-09-18 14:02:04,551 - INFO - 基金 014939 回测结果: 累计回报=0.23, 最大回撤=-0.43, 夏普比率=0.69, 胜率=0.40, 年化收益率=0.06, 交易次数=42
2025-09-18 14:02:04,553 - INFO - 本地已存在基金 015044 数据，共 775 行，最新日期为: 2025-09-17
2025-09-18 14:02:04,643 - INFO - 基金 015044 回测结果: 累计回报=-0.11, 最大回撤=-0.44, 夏普比率=0.66, 胜率=0.45, 年化收益率=-0.03, 交易次数=38
2025-09-18 14:02:04,645 - INFO - 本地已存在基金 015097 数据，共 836 行，最新日期为: 2025-09-17
2025-09-18 14:02:04,740 - INFO - 基金 015097 回测结果: 累计回报=0.41, 最大回撤=-0.49, 夏普比率=0.65, 胜率=0.49, 年化收益率=0.10, 交易次数=40
2025-09-18 14:02:04,742 - INFO - 本地已存在基金 015144 数据，共 851 行，最新日期为: 2025-09-17
2025-09-18 14:02:04,839 - INFO - 基金 015144 回测结果: 累计回报=0.19, 最大回撤=-0.46, 夏普比率=0.74, 胜率=0.49, 年化收益率=0.05, 交易次数=40
2025-09-18 14:02:04,841 - INFO - 本地已存在基金 015152 数据，共 873 行，最新日期为: 2025-09-17
2025-09-18 14:02:04,939 - INFO - 基金 015152 回测结果: 累计回报=0.10, 最大回撤=-0.39, 夏普比率=0.83, 胜率=0.59, 年化收益率=0.03, 交易次数=40
2025-09-18 14:02:04,941 - INFO - 本地已存在基金 015271 数据，共 867 行，最新日期为: 2025-09-17
2025-09-18 14:02:05,040 - INFO - 基金 015271 回测结果: 累计回报=0.09, 最大回撤=-0.36, 夏普比率=0.71, 胜率=0.53, 年化收益率=0.02, 交易次数=43
2025-09-18 14:02:05,042 - INFO - 本地已存在基金 015290 数据，共 678 行，最新日期为: 2025-09-17
2025-09-18 14:02:05,119 - INFO - 基金 015290 回测结果: 累计回报=0.04, 最大回撤=-0.29, 夏普比率=1.15, 胜率=0.52, 年化收益率=0.01, 交易次数=27
2025-09-18 14:02:05,121 - INFO - 本地已存在基金 015369 数据，共 611 行，最新日期为: 2025-09-17
2025-09-18 14:02:05,193 - INFO - 基金 015369 回测结果: 累计回报=0.13, 最大回撤=-0.37, 夏普比率=0.96, 胜率=0.56, 年化收益率=0.05, 交易次数=28
2025-09-18 14:02:05,195 - INFO - 本地已存在基金 015389 数据，共 845 行，最新日期为: 2025-09-17
2025-09-18 14:02:05,290 - INFO - 基金 015389 回测结果: 累计回报=0.36, 最大回撤=-0.31, 夏普比率=1.02, 胜率=0.56, 年化收益率=0.09, 交易次数=37
2025-09-18 14:02:05,292 - INFO - 本地已存在基金 015456 数据，共 851 行，最新日期为: 2025-09-17
2025-09-18 14:02:05,390 - INFO - 基金 015456 回测结果: 累计回报=-0.29, 最大回撤=-0.54, 夏普比率=0.31, 胜率=0.43, 年化收益率=-0.09, 交易次数=44
2025-09-18 14:02:05,392 - INFO - 本地已存在基金 015576 数据，共 801 行，最新日期为: 2025-09-17
2025-09-18 14:02:05,483 - INFO - 基金 015576 回测结果: 累计回报=-0.12, 最大回撤=-0.56, 夏普比率=0.42, 胜率=0.41, 年化收益率=-0.04, 交易次数=39
2025-09-18 14:02:05,485 - INFO - 本地已存在基金 015608 数据，共 807 行，最新日期为: 2025-09-17
2025-09-18 14:02:05,577 - INFO - 基金 015608 回测结果: 累计回报=-0.38, 最大回撤=-0.59, 夏普比率=0.44, 胜率=0.36, 年化收益率=-0.14, 交易次数=39
2025-09-18 14:02:05,579 - INFO - 本地已存在基金 015642 数据，共 766 行，最新日期为: 2025-09-17
2025-09-18 14:02:05,667 - INFO - 基金 015642 回测结果: 累计回报=-0.36, 最大回撤=-0.42, 夏普比率=0.67, 胜率=0.41, 年化收益率=-0.13, 交易次数=33
2025-09-18 14:02:05,669 - INFO - 本地已存在基金 015683 数据，共 827 行，最新日期为: 2025-09-17
2025-09-18 14:02:05,762 - INFO - 基金 015683 回测结果: 累计回报=0.05, 最大回撤=-0.45, 夏普比率=0.65, 胜率=0.48, 年化收益率=0.02, 交易次数=31
2025-09-18 14:02:05,764 - INFO - 本地已存在基金 015686 数据，共 797 行，最新日期为: 2025-09-17
2025-09-18 14:02:05,854 - INFO - 基金 015686 回测结果: 累计回报=0.05, 最大回撤=-0.52, 夏普比率=0.80, 胜率=0.41, 年化收益率=0.01, 交易次数=37
2025-09-18 14:02:05,856 - INFO - 本地已存在基金 015690 数据，共 799 行，最新日期为: 2025-09-17
2025-09-18 14:02:05,948 - INFO - 基金 015690 回测结果: 累计回报=-0.08, 最大回撤=-0.39, 夏普比率=0.98, 胜率=0.49, 年化收益率=-0.03, 交易次数=37
2025-09-18 14:02:05,950 - INFO - 本地已存在基金 015692 数据，共 797 行，最新日期为: 2025-09-17
2025-09-18 14:02:06,040 - INFO - 基金 015692 回测结果: 累计回报=-0.03, 最大回撤=-0.40, 夏普比率=0.90, 胜率=0.52, 年化收益率=-0.01, 交易次数=33
2025-09-18 14:02:06,042 - INFO - 本地已存在基金 015715 数据，共 797 行，最新日期为: 2025-09-17
2025-09-18 14:02:06,134 - INFO - 基金 015715 回测结果: 累计回报=-0.08, 最大回撤=-0.40, 夏普比率=0.72, 胜率=0.51, 年化收益率=-0.03, 交易次数=39
2025-09-18 14:02:06,136 - INFO - 本地已存在基金 015751 数据，共 821 行，最新日期为: 2025-09-17
2025-09-18 14:02:06,231 - INFO - 基金 015751 回测结果: 累计回报=-0.03, 最大回撤=-0.30, 夏普比率=1.17, 胜率=0.55, 年化收益率=-0.01, 交易次数=34
2025-09-18 14:02:06,233 - INFO - 本地已存在基金 015849 数据，共 800 行，最新日期为: 2025-09-17
2025-09-18 14:02:06,326 - INFO - 基金 015849 回测结果: 累计回报=-0.15, 最大回撤=-0.52, 夏普比率=0.41, 胜率=0.40, 年化收益率=-0.05, 交易次数=44
2025-09-18 14:02:06,328 - INFO - 本地已存在基金 015857 数据，共 636 行，最新日期为: 2025-09-17
2025-09-18 14:02:06,402 - INFO - 基金 015857 回测结果: 累计回报=-0.13, 最大回撤=-0.30, 夏普比率=0.90, 胜率=0.45, 年化收益率=-0.05, 交易次数=32
2025-09-18 14:02:06,404 - INFO - 本地已存在基金 015881 数据，共 756 行，最新日期为: 2025-09-17
2025-09-18 14:02:06,492 - INFO - 基金 015881 回测结果: 累计回报=-0.35, 最大回撤=-0.35, 夏普比率=0.75, 胜率=0.36, 年化收益率=-0.13, 交易次数=33
2025-09-18 14:02:06,494 - INFO - 本地已存在基金 015916 数据，共 683 行，最新日期为: 2025-09-17
2025-09-18 14:02:06,575 - INFO - 基金 015916 回测结果: 累计回报=0.45, 最大回撤=-0.40, 夏普比率=0.92, 胜率=0.51, 年化收益率=0.14, 交易次数=35
2025-09-18 14:02:06,577 - INFO - 本地已存在基金 015968 数据，共 713 行，最新日期为: 2025-09-17
2025-09-18 14:02:06,660 - INFO - 基金 015968 回测结果: 累计回报=-0.14, 最大回撤=-0.45, 夏普比率=0.61, 胜率=0.47, 年化收益率=-0.05, 交易次数=39
2025-09-18 14:02:06,662 - INFO - 本地已存在基金 016068 数据，共 748 行，最新日期为: 2025-09-17
2025-09-18 14:02:06,747 - INFO - 基金 016068 回测结果: 累计回报=-0.26, 最大回撤=-0.56, 夏普比率=0.32, 胜率=0.38, 年化收益率=-0.09, 交易次数=36
2025-09-18 14:02:06,749 - INFO - 本地已存在基金 016076 数据，共 658 行，最新日期为: 2025-09-17
2025-09-18 14:02:06,825 - INFO - 基金 016076 回测结果: 累计回报=-0.29, 最大回撤=-0.56, 夏普比率=0.38, 胜率=0.38, 年化收益率=-0.11, 交易次数=27
2025-09-18 14:02:06,827 - INFO - 本地已存在基金 016234 数据，共 776 行，最新日期为: 2025-09-17
2025-09-18 14:02:06,918 - INFO - 基金 016234 回测结果: 累计回报=-0.02, 最大回撤=-0.32, 夏普比率=0.68, 胜率=0.44, 年化收益率=-0.01, 交易次数=44
2025-09-18 14:02:06,919 - INFO - 本地已存在基金 016244 数据，共 589 行，最新日期为: 2025-09-17
2025-09-18 14:02:06,988 - INFO - 基金 016244 回测结果: 累计回报=0.22, 最大回撤=-0.45, 夏普比率=1.11, 胜率=0.52, 年化收益率=0.08, 交易次数=29
2025-09-18 14:02:06,990 - INFO - 本地已存在基金 016251 数据，共 725 行，最新日期为: 2025-09-17
2025-09-18 14:02:07,075 - INFO - 基金 016251 回测结果: 累计回报=-0.40, 最大回撤=-0.50, 夏普比率=0.51, 胜率=0.38, 年化收益率=-0.16, 交易次数=47
2025-09-18 14:02:07,077 - INFO - 本地已存在基金 016371 数据，共 732 行，最新日期为: 2025-09-17
2025-09-18 14:02:07,160 - INFO - 基金 016371 回测结果: 累计回报=-0.13, 最大回撤=-0.58, 夏普比率=0.58, 胜率=0.42, 年化收益率=-0.04, 交易次数=26
2025-09-18 14:02:07,162 - INFO - 本地已存在基金 016373 数据，共 721 行，最新日期为: 2025-09-17
2025-09-18 14:02:07,245 - INFO - 基金 016373 回测结果: 累计回报=-0.14, 最大回撤=-0.37, 夏普比率=0.61, 胜率=0.35, 年化收益率=-0.05, 交易次数=31
2025-09-18 14:02:07,247 - INFO - 本地已存在基金 016461 数据，共 748 行，最新日期为: 2025-09-17
2025-09-18 14:02:07,333 - INFO - 基金 016461 回测结果: 累计回报=-0.17, 最大回撤=-0.33, 夏普比率=1.05, 胜率=0.36, 年化收益率=-0.06, 交易次数=33
2025-09-18 14:02:07,335 - INFO - 本地已存在基金 016463 数据，共 734 行，最新日期为: 2025-09-17
2025-09-18 14:02:07,418 - INFO - 基金 016463 回测结果: 累计回报=0.03, 最大回撤=-0.60, 夏普比率=0.51, 胜率=0.45, 年化收益率=0.01, 交易次数=34
2025-09-18 14:02:07,420 - INFO - 本地已存在基金 016531 数据，共 565 行，最新日期为: 2025-09-17
2025-09-18 14:02:07,487 - INFO - 基金 016531 回测结果: 累计回报=-0.37, 最大回撤=-0.47, 夏普比率=0.95, 胜率=0.29, 年化收益率=-0.18, 交易次数=37
2025-09-18 14:02:07,489 - INFO - 本地已存在基金 016919 数据，共 707 行，最新日期为: 2025-09-17
2025-09-18 14:02:07,570 - INFO - 基金 016919 回测结果: 累计回报=0.27, 最大回撤=-0.49, 夏普比率=0.53, 胜率=0.55, 年化收益率=0.09, 交易次数=33
2025-09-18 14:02:07,572 - INFO - 本地已存在基金 016971 数据，共 687 行，最新日期为: 2025-09-17
2025-09-18 14:02:07,652 - INFO - 基金 016971 回测结果: 累计回报=0.07, 最大回撤=-0.50, 夏普比率=0.52, 胜率=0.39, 年化收益率=0.03, 交易次数=33
2025-09-18 14:02:07,654 - INFO - 本地已存在基金 017076 数据，共 663 行，最新日期为: 2025-09-17
2025-09-18 14:02:07,732 - INFO - 基金 017076 回测结果: 累计回报=0.02, 最大回撤=-0.40, 夏普比率=0.81, 胜率=0.45, 年化收益率=0.01, 交易次数=34
2025-09-18 14:02:07,734 - INFO - 本地已存在基金 017103 数据，共 592 行，最新日期为: 2025-09-17
2025-09-18 14:02:07,803 - INFO - 基金 017103 回测结果: 累计回报=0.06, 最大回撤=-0.42, 夏普比率=1.04, 胜率=0.44, 年化收益率=0.02, 交易次数=25
2025-09-18 14:02:07,805 - INFO - 本地已存在基金 017290 数据，共 690 行，最新日期为: 2025-09-17
2025-09-18 14:02:07,885 - INFO - 基金 017290 回测结果: 累计回报=0.03, 最大回撤=-0.40, 夏普比率=0.82, 胜率=0.48, 年化收益率=0.01, 交易次数=34
2025-09-18 14:02:07,887 - INFO - 本地已存在基金 017366 数据，共 633 行，最新日期为: 2025-09-17
2025-09-18 14:02:07,961 - INFO - 基金 017366 回测结果: 累计回报=-0.14, 最大回撤=-0.47, 夏普比率=0.56, 胜率=0.44, 年化收益率=-0.05, 交易次数=33
2025-09-18 14:02:07,963 - INFO - 本地已存在基金 017461 数据，共 684 行，最新日期为: 2025-09-17
2025-09-18 14:02:08,047 - INFO - 基金 017461 回测结果: 累计回报=-0.28, 最大回撤=-0.39, 夏普比率=0.74, 胜率=0.33, 年化收益率=-0.11, 交易次数=31
2025-09-18 14:02:08,049 - INFO - 本地已存在基金 017470 数据，共 677 行，最新日期为: 2025-09-17
2025-09-18 14:02:08,127 - INFO - 基金 017470 回测结果: 累计回报=-0.12, 最大回撤=-0.46, 夏普比率=0.83, 胜率=0.41, 年化收益率=-0.05, 交易次数=39
2025-09-18 14:02:08,129 - INFO - 本地已存在基金 017484 数据，共 653 行，最新日期为: 2025-09-17
2025-09-18 14:02:08,205 - INFO - 基金 017484 回测结果: 累计回报=-0.12, 最大回撤=-0.49, 夏普比率=0.79, 胜率=0.41, 年化收益率=-0.05, 交易次数=34
2025-09-18 14:02:08,207 - INFO - 本地已存在基金 017489 数据，共 661 行，最新日期为: 2025-09-17
2025-09-18 14:02:08,284 - INFO - 基金 017489 回测结果: 累计回报=-0.20, 最大回撤=-0.45, 夏普比率=1.04, 胜率=0.34, 年化收益率=-0.08, 交易次数=41
2025-09-18 14:02:08,286 - INFO - 本地已存在基金 017491 数据，共 485 行，最新日期为: 2025-09-17
2025-09-18 14:02:08,342 - INFO - 基金 017491 回测结果: 累计回报=0.30, 最大回撤=-0.39, 夏普比率=1.16, 胜率=0.50, 年化收益率=0.13, 交易次数=20
2025-09-18 14:02:08,344 - INFO - 本地已存在基金 017511 数据，共 679 行，最新日期为: 2025-09-17
2025-09-18 14:02:08,422 - INFO - 基金 017511 回测结果: 累计回报=-0.36, 最大回撤=-0.47, 夏普比率=0.63, 胜率=0.38, 年化收益率=-0.15, 交易次数=39
2025-09-18 14:02:08,424 - INFO - 本地已存在基金 017513 数据，共 663 行，最新日期为: 2025-09-17
2025-09-18 14:02:08,501 - INFO - 基金 017513 回测结果: 累计回报=-0.40, 最大回撤=-0.42, 夏普比率=0.77, 胜率=0.33, 年化收益率=-0.17, 交易次数=43
2025-09-18 14:02:08,503 - INFO - 本地已存在基金 017516 数据，共 661 行，最新日期为: 2025-09-17
2025-09-18 14:02:08,579 - INFO - 基金 017516 回测结果: 累计回报=-0.42, 最大回撤=-0.43, 夏普比率=0.64, 胜率=0.33, 年化收益率=-0.19, 交易次数=44
2025-09-18 14:02:08,581 - INFO - 本地已存在基金 017518 数据，共 665 行，最新日期为: 2025-09-17
2025-09-18 14:02:08,657 - INFO - 基金 017518 回测结果: 累计回报=-0.39, 最大回撤=-0.42, 夏普比率=0.67, 胜率=0.33, 年化收益率=-0.17, 交易次数=37
2025-09-18 14:02:08,659 - INFO - 本地已存在基金 017520 数据，共 659 行，最新日期为: 2025-09-17
2025-09-18 14:02:08,736 - INFO - 基金 017520 回测结果: 累计回报=-0.41, 最大回撤=-0.44, 夏普比率=0.62, 胜率=0.33, 年化收益率=-0.18, 交易次数=41
2025-09-18 14:02:08,738 - INFO - 本地已存在基金 017522 数据，共 658 行，最新日期为: 2025-09-17
2025-09-18 14:02:08,815 - INFO - 基金 017522 回测结果: 累计回报=-0.38, 最大回撤=-0.43, 夏普比率=0.59, 胜率=0.34, 年化收益率=-0.16, 交易次数=42
2025-09-18 14:02:08,817 - INFO - 本地已存在基金 017524 数据，共 638 行，最新日期为: 2025-09-17
2025-09-18 14:02:08,891 - INFO - 基金 017524 回测结果: 累计回报=-0.41, 最大回撤=-0.44, 夏普比率=0.57, 胜率=0.32, 年化收益率=-0.18, 交易次数=42
2025-09-18 14:02:08,893 - INFO - 本地已存在基金 017526 数据，共 656 行，最新日期为: 2025-09-17
2025-09-18 14:02:08,968 - INFO - 基金 017526 回测结果: 累计回报=-0.41, 最大回撤=-0.44, 夏普比率=0.55, 胜率=0.32, 年化收益率=-0.18, 交易次数=42
2025-09-18 14:02:08,970 - INFO - 本地已存在基金 017528 数据，共 663 行，最新日期为: 2025-09-17
2025-09-18 14:02:09,047 - INFO - 基金 017528 回测结果: 累计回报=-0.41, 最大回撤=-0.44, 夏普比率=0.60, 胜率=0.33, 年化收益率=-0.18, 交易次数=44
2025-09-18 14:02:09,049 - INFO - 本地已存在基金 017560 数据，共 663 行，最新日期为: 2025-09-17
2025-09-18 14:02:09,126 - INFO - 基金 017560 回测结果: 累计回报=0.06, 最大回撤=-0.46, 夏普比率=0.95, 胜率=0.49, 年化收益率=0.02, 交易次数=37
2025-09-18 14:02:09,128 - INFO - 本地已存在基金 017612 数据，共 630 行，最新日期为: 2025-09-17
2025-09-18 14:02:09,201 - INFO - 基金 017612 回测结果: 累计回报=0.02, 最大回撤=-0.51, 夏普比率=0.86, 胜率=0.44, 年化收益率=0.01, 交易次数=33
2025-09-18 14:02:09,203 - INFO - 本地已存在基金 017745 数据，共 601 行，最新日期为: 2025-09-17
2025-09-18 14:02:09,274 - INFO - 基金 017745 回测结果: 累计回报=-0.07, 最大回撤=-0.50, 夏普比率=0.53, 胜率=0.39, 年化收益率=-0.03, 交易次数=39
2025-09-18 14:02:09,275 - INFO - 本地已存在基金 017747 数据，共 551 行，最新日期为: 2025-09-17
2025-09-18 14:02:09,340 - INFO - 基金 017747 回测结果: 累计回报=0.25, 最大回撤=-0.39, 夏普比率=0.81, 胜率=0.50, 年化收益率=0.10, 交易次数=26
2025-09-18 14:02:09,342 - INFO - 本地已存在基金 017836 数据，共 472 行，最新日期为: 2025-09-17
2025-09-18 14:02:09,397 - INFO - 基金 017836 回测结果: 累计回报=0.07, 最大回撤=-0.25, 夏普比率=1.65, 胜率=0.67, 年化收益率=0.04, 交易次数=15
2025-09-18 14:02:09,398 - INFO - 本地已存在基金 017854 数据，共 613 行，最新日期为: 2025-09-17
2025-09-18 14:02:09,470 - INFO - 基金 017854 回测结果: 累计回报=-0.37, 最大回撤=-0.49, 夏普比率=0.67, 胜率=0.32, 年化收益率=-0.17, 交易次数=34
2025-09-18 14:02:09,471 - INFO - 本地已存在基金 017968 数据，共 618 行，最新日期为: 2025-09-17
2025-09-18 14:02:09,543 - INFO - 基金 017968 回测结果: 累计回报=-0.26, 最大回撤=-0.47, 夏普比率=0.80, 胜率=0.37, 年化收益率=-0.11, 交易次数=28
2025-09-18 14:02:09,544 - INFO - 本地已存在基金 018082 数据，共 617 行，最新日期为: 2025-09-17
2025-09-18 14:02:09,616 - INFO - 基金 018082 回测结果: 累计回报=-0.10, 最大回撤=-0.42, 夏普比率=0.80, 胜率=0.43, 年化收益率=-0.04, 交易次数=30
2025-09-18 14:02:09,618 - INFO - 本地已存在基金 018113 数据，共 576 行，最新日期为: 2025-09-17
2025-09-18 14:02:09,685 - INFO - 基金 018113 回测结果: 累计回报=-0.33, 最大回撤=-0.43, 夏普比率=0.79, 胜率=0.43, 年化收益率=-0.16, 交易次数=31
2025-09-18 14:02:09,687 - INFO - 本地已存在基金 018115 数据，共 574 行，最新日期为: 2025-09-17
2025-09-18 14:02:09,754 - INFO - 基金 018115 回测结果: 累计回报=-0.35, 最大回撤=-0.42, 夏普比率=0.67, 胜率=0.38, 年化收益率=-0.17, 交易次数=36
2025-09-18 14:02:09,756 - INFO - 本地已存在基金 018121 数据，共 570 行，最新日期为: 2025-09-17
2025-09-18 14:02:09,823 - INFO - 基金 018121 回测结果: 累计回报=-0.35, 最大回撤=-0.44, 夏普比率=0.72, 胜率=0.38, 年化收益率=-0.17, 交易次数=30
2025-09-18 14:02:09,824 - INFO - 本地已存在基金 018123 数据，共 568 行，最新日期为: 2025-09-17
2025-09-18 14:02:09,890 - INFO - 基金 018123 回测结果: 累计回报=0.30, 最大回撤=-0.49, 夏普比率=0.68, 胜率=0.43, 年化收益率=0.12, 交易次数=30
2025-09-18 14:02:09,892 - INFO - 本地已存在基金 018125 数据，共 574 行，最新日期为: 2025-09-17
2025-09-18 14:02:09,959 - INFO - 基金 018125 回测结果: 累计回报=-0.36, 最大回撤=-0.45, 夏普比率=1.18, 胜率=0.35, 年化收益率=-0.17, 交易次数=28
2025-09-18 14:02:09,961 - INFO - 本地已存在基金 018129 数据，共 567 行，最新日期为: 2025-09-17
2025-09-18 14:02:10,027 - INFO - 基金 018129 回测结果: 累计回报=-0.38, 最大回撤=-0.43, 夏普比率=0.84, 胜率=0.36, 年化收益率=-0.19, 交易次数=37
2025-09-18 14:02:10,029 - INFO - 本地已存在基金 018216 数据，共 601 行，最新日期为: 2025-09-17
2025-09-18 14:02:10,099 - INFO - 基金 018216 回测结果: 累计回报=-0.14, 最大回撤=-0.58, 夏普比率=0.25, 胜率=0.37, 年化收益率=-0.06, 交易次数=35
2025-09-18 14:02:10,101 - INFO - 本地已存在基金 018227 数据，共 591 行，最新日期为: 2025-09-17
2025-09-18 14:02:10,169 - INFO - 基金 018227 回测结果: 累计回报=-0.19, 最大回撤=-0.27, 夏普比率=0.96, 胜率=0.35, 年化收益率=-0.08, 交易次数=24
2025-09-18 14:02:10,171 - INFO - 本地已存在基金 018241 数据，共 481 行，最新日期为: 2025-09-17
2025-09-18 14:02:10,226 - INFO - 基金 018241 回测结果: 累计回报=0.11, 最大回撤=-0.32, 夏普比率=1.02, 胜率=0.53, 年化收益率=0.05, 交易次数=15
2025-09-18 14:02:10,228 - INFO - 本地已存在基金 018288 数据，共 551 行，最新日期为: 2025-09-17
2025-09-18 14:02:10,292 - INFO - 基金 018288 回测结果: 累计回报=0.10, 最大回撤=-0.33, 夏普比率=1.23, 胜率=0.48, 年化收益率=0.04, 交易次数=22
2025-09-18 14:02:10,294 - INFO - 本地已存在基金 018326 数据，共 556 行，最新日期为: 2025-09-17
2025-09-18 14:02:10,359 - INFO - 基金 018326 回测结果: 累计回报=-0.28, 最大回撤=-0.52, 夏普比率=0.53, 胜率=0.41, 年化收益率=-0.13, 交易次数=29
2025-09-18 14:02:10,361 - INFO - 本地已存在基金 018359 数据，共 534 行，最新日期为: 2025-09-17
2025-09-18 14:02:10,423 - INFO - 基金 018359 回测结果: 累计回报=-0.15, 最大回撤=-0.37, 夏普比率=0.63, 胜率=0.46, 年化收益率=-0.07, 交易次数=26
2025-09-18 14:02:10,424 - INFO - 本地已存在基金 018495 数据，共 572 行，最新日期为: 2025-09-17
2025-09-18 14:02:10,490 - INFO - 基金 018495 回测结果: 累计回报=0.07, 最大回撤=-0.45, 夏普比率=1.06, 胜率=0.57, 年化收益率=0.03, 交易次数=22
2025-09-18 14:02:10,492 - INFO - 本地已存在基金 018731 数据，共 394 行，最新日期为: 2025-09-17
2025-09-18 14:02:10,539 - INFO - 基金 018731 回测结果: 累计回报=-0.02, 最大回撤=-0.21, 夏普比率=1.87, 胜率=0.56, 年化收益率=-0.01, 交易次数=19
2025-09-18 14:02:10,541 - INFO - 本地已存在基金 018836 数据，共 353 行，最新日期为: 2025-09-17
2025-09-18 14:02:10,584 - INFO - 基金 018836 回测结果: 累计回报=0.05, 最大回撤=-0.17, 夏普比率=2.30, 胜率=0.64, 年化收益率=0.04, 交易次数=15
2025-09-18 14:02:10,586 - INFO - 本地已存在基金 018933 数据，共 527 行，最新日期为: 2025-09-17
2025-09-18 14:02:10,648 - INFO - 基金 018933 回测结果: 累计回报=-0.05, 最大回撤=-0.43, 夏普比率=0.89, 胜率=0.38, 年化收益率=-0.02, 交易次数=26
2025-09-18 14:02:10,650 - INFO - 本地已存在基金 018957 数据，共 498 行，最新日期为: 2025-09-17
2025-09-18 14:02:10,708 - INFO - 基金 018957 回测结果: 累计回报=0.23, 最大回撤=-0.32, 夏普比率=1.42, 胜率=0.43, 年化收益率=0.11, 交易次数=23
2025-09-18 14:02:10,710 - INFO - 本地已存在基金 018986 数据，共 429 行，最新日期为: 2025-09-17
2025-09-18 14:02:10,762 - INFO - 基金 018986 回测结果: 累计回报=-0.22, 最大回撤=-0.20, 夏普比率=1.28, 胜率=0.36, 年化收益率=-0.12, 交易次数=23
2025-09-18 14:02:10,763 - INFO - 本地已存在基金 018994 数据，共 446 行，最新日期为: 2025-09-17
2025-09-18 14:02:10,817 - INFO - 基金 018994 回测结果: 累计回报=-0.28, 最大回撤=-0.22, 夏普比率=1.88, 胜率=0.31, 年化收益率=-0.15, 交易次数=27
2025-09-18 14:02:10,819 - INFO - 本地已存在基金 019018 数据，共 470 行，最新日期为: 2025-09-17
2025-09-18 14:02:10,874 - INFO - 基金 019018 回测结果: 累计回报=0.31, 最大回撤=-0.23, 夏普比率=1.59, 胜率=0.75, 年化收益率=0.15, 交易次数=16
2025-09-18 14:02:10,876 - INFO - 本地已存在基金 019024 数据，共 450 行，最新日期为: 2025-09-17
2025-09-18 14:02:10,928 - INFO - 基金 019024 回测结果: 累计回报=0.12, 最大回撤=-0.22, 夏普比率=1.53, 胜率=0.73, 年化收益率=0.06, 交易次数=15
2025-09-18 14:02:10,930 - INFO - 本地已存在基金 019053 数据，共 510 行，最新日期为: 2025-09-17
2025-09-18 14:02:10,988 - INFO - 基金 019053 回测结果: 累计回报=0.19, 最大回撤=-0.28, 夏普比率=1.25, 胜率=0.62, 年化收益率=0.09, 交易次数=13
2025-09-18 14:02:10,990 - INFO - 本地已存在基金 019170 数据，共 482 行，最新日期为: 2025-09-17
2025-09-18 14:02:11,046 - INFO - 基金 019170 回测结果: 累计回报=-0.16, 最大回撤=-0.29, 夏普比率=1.16, 胜率=0.44, 年化收益率=-0.09, 交易次数=18
2025-09-18 14:02:11,048 - INFO - 本地已存在基金 019190 数据，共 345 行，最新日期为: 2025-09-17
2025-09-18 14:02:11,090 - INFO - 基金 019190 回测结果: 累计回报=-0.12, 最大回撤=-0.23, 夏普比率=1.60, 胜率=0.50, 年化收益率=-0.09, 交易次数=17
2025-09-18 14:02:11,092 - INFO - 本地已存在基金 019213 数据，共 494 行，最新日期为: 2025-09-17
2025-09-18 14:02:11,151 - INFO - 基金 019213 回测结果: 累计回报=-0.03, 最大回撤=-0.35, 夏普比率=0.81, 胜率=0.45, 年化收益率=-0.02, 交易次数=22
2025-09-18 14:02:11,153 - INFO - 本地已存在基金 019331 数据，共 488 行，最新日期为: 2025-09-17
2025-09-18 14:02:11,210 - INFO - 基金 019331 回测结果: 累计回报=-0.11, 最大回撤=-0.28, 夏普比率=1.13, 胜率=0.45, 年化收益率=-0.06, 交易次数=20
2025-09-18 14:02:11,212 - INFO - 本地已存在基金 019348 数据，共 325 行，最新日期为: 2025-09-17
2025-09-18 14:02:11,252 - INFO - 基金 019348 回测结果: 累计回报=0.04, 最大回撤=-0.22, 夏普比率=2.01, 胜率=0.50, 年化收益率=0.03, 交易次数=15
2025-09-18 14:02:11,254 - INFO - 本地已存在基金 019416 数据，共 449 行，最新日期为: 2025-09-17
2025-09-18 14:02:11,307 - INFO - 基金 019416 回测结果: 累计回报=0.04, 最大回撤=-0.25, 夏普比率=1.11, 胜率=0.47, 年化收益率=0.02, 交易次数=19
2025-09-18 14:02:11,309 - INFO - 本地已存在基金 019458 数据，共 450 行，最新日期为: 2025-09-17
2025-09-18 14:02:11,362 - INFO - 基金 019458 回测结果: 累计回报=0.18, 最大回撤=-0.30, 夏普比率=1.36, 胜率=0.63, 年化收益率=0.09, 交易次数=20
2025-09-18 14:02:11,364 - INFO - 本地已存在基金 019514 数据，共 488 行，最新日期为: 2025-09-17
2025-09-18 14:02:11,420 - INFO - 基金 019514 回测结果: 累计回报=-0.04, 最大回撤=-0.16, 夏普比率=2.00, 胜率=0.54, 年化收益率=-0.02, 交易次数=14
2025-09-18 14:02:11,422 - INFO - 本地已存在基金 019671 数据，共 460 行，最新日期为: 2025-09-17
2025-09-18 14:02:11,477 - INFO - 基金 019671 回测结果: 累计回报=0.12, 最大回撤=-0.37, 夏普比率=0.88, 胜率=0.35, 年化收益率=0.06, 交易次数=23
2025-09-18 14:02:11,479 - INFO - 本地已存在基金 019703 数据，共 410 行，最新日期为: 2025-09-17
2025-09-18 14:02:11,528 - INFO - 基金 019703 回测结果: 累计回报=0.27, 最大回撤=-0.21, 夏普比率=1.37, 胜率=0.60, 年化收益率=0.15, 交易次数=20
2025-09-18 14:02:11,530 - INFO - 本地已存在基金 019786 数据，共 448 行，最新日期为: 2025-09-17
2025-09-18 14:02:11,584 - INFO - 基金 019786 回测结果: 累计回报=0.17, 最大回撤=-0.29, 夏普比率=1.04, 胜率=0.59, 年化收益率=0.09, 交易次数=22
2025-09-18 14:02:11,585 - INFO - 本地已存在基金 019830 数据，共 349 行，最新日期为: 2025-09-17
2025-09-18 14:02:11,628 - INFO - 基金 019830 回测结果: 累计回报=0.08, 最大回撤=-0.23, 夏普比率=1.96, 胜率=0.64, 年化收益率=0.06, 交易次数=14
2025-09-18 14:02:11,630 - INFO - 本地已存在基金 019865 数据，共 337 行，最新日期为: 2025-09-17
2025-09-18 14:02:11,672 - INFO - 基金 019865 回测结果: 累计回报=0.01, 最大回撤=-0.23, 夏普比率=2.28, 胜率=0.62, 年化收益率=0.01, 交易次数=14
2025-09-18 14:02:11,673 - INFO - 本地已存在基金 019924 数据，共 374 行，最新日期为: 2025-09-17
2025-09-18 14:02:11,719 - INFO - 基金 019924 回测结果: 累计回报=-0.32, 最大回撤=-0.19, 夏普比率=1.44, 胜率=0.32, 年化收益率=-0.21, 交易次数=20
2025-09-18 14:02:11,721 - INFO - 本地已存在基金 019994 数据，共 416 行，最新日期为: 2025-09-17
2025-09-18 14:02:11,771 - INFO - 基金 019994 回测结果: 累计回报=-0.07, 最大回撤=-0.30, 夏普比率=0.98, 胜率=0.43, 年化收益率=-0.04, 交易次数=24
2025-09-18 14:02:11,773 - INFO - 本地已存在基金 020227 数据，共 435 行，最新日期为: 2025-09-17
2025-09-18 14:02:11,826 - INFO - 基金 020227 回测结果: 累计回报=-0.16, 最大回撤=-0.28, 夏普比率=1.01, 胜率=0.46, 年化收益率=-0.10, 交易次数=26
2025-09-18 14:02:11,827 - INFO - 本地已存在基金 020398 数据，共 416 行，最新日期为: 2025-09-17
2025-09-18 14:02:11,878 - INFO - 基金 020398 回测结果: 累计回报=0.28, 最大回撤=-0.25, 夏普比率=1.29, 胜率=0.45, 年化收益率=0.16, 交易次数=20
2025-09-18 14:02:11,880 - INFO - 本地已存在基金 020477 数据，共 320 行，最新日期为: 2025-09-17
2025-09-18 14:02:11,919 - INFO - 基金 020477 回测结果: 累计回报=0.12, 最大回撤=-0.18, 夏普比率=1.70, 胜率=0.54, 年化收益率=0.09, 交易次数=14
2025-09-18 14:02:11,921 - INFO - 本地已存在基金 020592 数据，共 405 行，最新日期为: 2025-09-17
2025-09-18 14:02:11,971 - INFO - 基金 020592 回测结果: 累计回报=-0.16, 最大回撤=-0.28, 夏普比率=1.28, 胜率=0.29, 年化收益率=-0.10, 交易次数=28
2025-09-18 14:02:11,973 - INFO - 本地已存在基金 020629 数据，共 368 行，最新日期为: 2025-09-17
2025-09-18 14:02:12,018 - INFO - 基金 020629 回测结果: 累计回报=-0.10, 最大回撤=-0.18, 夏普比率=1.58, 胜率=0.38, 年化收益率=-0.07, 交易次数=22
2025-09-18 14:02:12,020 - INFO - 本地已存在基金 020635 数据，共 373 行，最新日期为: 2025-09-17
2025-09-18 14:02:12,065 - INFO - 基金 020635 回测结果: 累计回报=0.30, 最大回撤=-0.19, 夏普比率=1.52, 胜率=0.53, 年化收益率=0.18, 交易次数=15
2025-09-18 14:02:12,067 - INFO - 本地已存在基金 020662 数据，共 369 行，最新日期为: 2025-09-17
2025-09-18 14:02:12,112 - INFO - 基金 020662 回测结果: 累计回报=-0.12, 最大回撤=-0.31, 夏普比率=1.24, 胜率=0.30, 年化收益率=-0.09, 交易次数=23
2025-09-18 14:02:12,114 - INFO - 本地已存在基金 020671 数据，共 392 行，最新日期为: 2025-09-17
2025-09-18 14:02:12,162 - INFO - 基金 020671 回测结果: 累计回报=0.09, 最大回撤=-0.18, 夏普比率=1.56, 胜率=0.53, 年化收益率=0.05, 交易次数=20
2025-09-18 14:02:12,164 - INFO - 本地已存在基金 020692 数据，共 329 行，最新日期为: 2025-09-17
2025-09-18 14:02:12,204 - INFO - 基金 020692 回测结果: 累计回报=0.25, 最大回撤=-0.30, 夏普比率=1.65, 胜率=0.54, 年化收益率=0.18, 交易次数=13
2025-09-18 14:02:12,206 - INFO - 本地已存在基金 020829 数据，共 298 行，最新日期为: 2025-09-17
2025-09-18 14:02:12,243 - INFO - 基金 020829 回测结果: 累计回报=0.16, 最大回撤=-0.28, 夏普比率=1.45, 胜率=0.67, 年化收益率=0.13, 交易次数=13
2025-09-18 14:02:12,244 - INFO - 本地已存在基金 020900 数据，共 350 行，最新日期为: 2025-09-17
2025-09-18 14:02:12,287 - INFO - 基金 020900 回测结果: 累计回报=0.42, 最大回撤=-0.30, 夏普比率=1.64, 胜率=0.62, 年化收益率=0.28, 交易次数=16
2025-09-18 14:02:12,289 - INFO - 本地已存在基金 021031 数据，共 343 行，最新日期为: 2025-09-17
2025-09-18 14:02:12,330 - INFO - 基金 021031 回测结果: 累计回报=0.31, 最大回撤=-0.19, 夏普比率=1.74, 胜率=0.57, 年化收益率=0.21, 交易次数=14
2025-09-18 14:02:12,332 - INFO - 本地已存在基金 021091 数据，共 248 行，最新日期为: 2025-09-17
2025-09-18 14:02:12,364 - INFO - 基金 021091 回测结果: 累计回报=-0.07, 最大回撤=-0.25, 夏普比率=2.15, 胜率=0.55, 年化收益率=-0.07, 交易次数=11
2025-09-18 14:02:12,366 - INFO - 本地已存在基金 021173 数据，共 252 行，最新日期为: 2025-09-17
2025-09-18 14:02:12,399 - INFO - 基金 021173 回测结果: 累计回报=-0.01, 最大回撤=-0.27, 夏普比率=1.85, 胜率=0.75, 年化收益率=-0.01, 交易次数=9
2025-09-18 14:02:12,400 - INFO - 本地已存在基金 021225 数据，共 251 行，最新日期为: 2025-09-17
2025-09-18 14:02:12,433 - INFO - 基金 021225 回测结果: 累计回报=0.10, 最大回撤=-0.18, 夏普比率=2.26, 胜率=0.78, 年化收益率=0.10, 交易次数=10
2025-09-18 14:02:12,434 - INFO - 本地已存在基金 021299 数据，共 335 行，最新日期为: 2025-09-17
2025-09-18 14:02:12,476 - INFO - 基金 021299 回测结果: 累计回报=-0.15, 最大回撤=-0.28, 夏普比率=1.43, 胜率=0.50, 年化收益率=-0.11, 交易次数=15
2025-09-18 14:02:12,478 - INFO - 本地已存在基金 021475 数据，共 312 行，最新日期为: 2025-09-17
2025-09-18 14:02:12,517 - INFO - 基金 021475 回测结果: 累计回报=-0.01, 最大回撤=-0.18, 夏普比率=1.61, 胜率=0.50, 年化收益率=-0.00, 交易次数=13
2025-09-18 14:02:12,519 - INFO - 本地已存在基金 021490 数据，共 307 行，最新日期为: 2025-09-17
2025-09-18 14:02:12,558 - INFO - 基金 021490 回测结果: 累计回报=-0.12, 最大回撤=-0.30, 夏普比率=2.07, 胜率=0.54, 年化收益率=-0.10, 交易次数=15
2025-09-18 14:02:12,560 - INFO - 本地已存在基金 021500 数据，共 331 行，最新日期为: 2025-09-17
2025-09-18 14:02:12,600 - INFO - 基金 021500 回测结果: 累计回报=0.22, 最大回撤=-0.31, 夏普比率=1.68, 胜率=0.56, 年化收益率=0.16, 交易次数=9
2025-09-18 14:02:12,602 - INFO - 本地已存在基金 021523 数据，共 323 行，最新日期为: 2025-09-17
2025-09-18 14:02:12,643 - INFO - 基金 021523 回测结果: 累计回报=0.19, 最大回撤=-0.38, 夏普比率=1.36, 胜率=0.46, 年化收益率=0.14, 交易次数=13
2025-09-18 14:02:12,644 - INFO - 本地已存在基金 021528 数据，共 323 行，最新日期为: 2025-09-17
2025-09-18 14:02:12,684 - INFO - 基金 021528 回测结果: 累计回报=0.11, 最大回撤=-0.39, 夏普比率=1.44, 胜率=0.42, 年化收益率=0.09, 交易次数=12
2025-09-18 14:02:12,686 - INFO - 本地已存在基金 021608 数据，共 287 行，最新日期为: 2025-09-17
2025-09-18 14:02:12,723 - INFO - 基金 021608 回测结果: 累计回报=0.13, 最大回撤=-0.18, 夏普比率=1.83, 胜率=0.50, 年化收益率=0.11, 交易次数=15
2025-09-18 14:02:12,725 - INFO - 本地已存在基金 021934 数据，共 261 行，最新日期为: 2025-09-17
2025-09-18 14:02:12,758 - INFO - 基金 021934 回测结果: 累计回报=0.23, 最大回撤=-0.25, 夏普比率=2.11, 胜率=0.67, 年化收益率=0.21, 交易次数=9
2025-09-18 14:02:12,761 - INFO - 本地已存在基金 167507 数据，共 1394 行，最新日期为: 2025-09-17
2025-09-18 14:02:12,915 - INFO - 基金 167507 回测结果: 累计回报=-0.08, 最大回撤=-0.53, 夏普比率=0.52, 胜率=0.47, 年化收益率=-0.01, 交易次数=56
2025-09-18 14:02:12,918 - INFO - 本地已存在基金 519771 数据，共 2250 行，最新日期为: 2025-09-17
2025-09-18 14:02:13,151 - INFO - 基金 519771 回测结果: 累计回报=0.28, 最大回撤=-0.17, 夏普比率=1.20, 胜率=0.74, 年化收益率=0.03, 交易次数=50
2025-09-18 14:02:13,154 - INFO - 回测结果已保存到 backtest_results.csv
2025-09-18 14:02:13,155 - INFO - 正在生成回测报告...
2025-09-18 14:02:13,168 - INFO - 回测报告生成完成: backtest_report.md
2025-09-18 14:02:13,168 - INFO - 脚本执行完成
